{"numTotalTestSuites":265,"numPassedTestSuites":219,"numFailedTestSuites":46,"numPendingTestSuites":0,"numTotalTests":554,"numPassedTests":487,"numFailedTests":67,"numPendingTests":0,"numTodoTests":0,"snapshot":{"added":0,"failure":false,"filesAdded":0,"filesRemoved":0,"filesRemovedList":[],"filesUnmatched":0,"filesUpdated":0,"matched":0,"total":0,"unchecked":0,"uncheckedKeysByFile":[],"unmatched":0,"updated":0,"didUpdate":false},"startTime":1770825477513,"success":false,"testResults":[{"assertionResults":[{"ancestorTitles":["isVesselRole"],"fullName":"isVesselRole test_feat_auth_002_vessel_master_is_vessel","status":"passed","title":"test_feat_auth_002_vessel_master_is_vessel","duration":1.3896000000004278,"failureMessages":[],"meta":{}},{"ancestorTitles":["isVesselRole"],"fullName":"isVesselRole test_feat_auth_002_vessel_crew_is_vessel","status":"passed","title":"test_feat_auth_002_vessel_crew_is_vessel","duration":0.1952000000001135,"failureMessages":[],"meta":{}},{"ancestorTitles":["isVesselRole"],"fullName":"isVesselRole test_feat_auth_002_office_pic_is_not_vessel","status":"passed","title":"test_feat_auth_002_office_pic_is_not_vessel","duration":0.16299999999955617,"failureMessages":[],"meta":{}},{"ancestorTitles":["isVesselRole"],"fullName":"isVesselRole test_feat_auth_002_dpa_is_not_vessel","status":"passed","title":"test_feat_auth_002_dpa_is_not_vessel","duration":0.15570000000025175,"failureMessages":[],"meta":{}},{"ancestorTitles":["isVesselRole"],"fullName":"isVesselRole test_feat_auth_002_undefined_is_not_vessel","status":"passed","title":"test_feat_auth_002_undefined_is_not_vessel","duration":0.17159999999967113,"failureMessages":[],"meta":{}},{"ancestorTitles":["isOfficeRole"],"fullName":"isOfficeRole test_feat_auth_002_office_pic_is_office","status":"passed","title":"test_feat_auth_002_office_pic_is_office","duration":0.2136000000000422,"failureMessages":[],"meta":{}},{"ancestorTitles":["isOfficeRole"],"fullName":"isOfficeRole test_feat_auth_002_office_ssqe_is_office","status":"passed","title":"test_feat_auth_002_office_ssqe_is_office","duration":0.10469999999986612,"failureMessages":[],"meta":{}},{"ancestorTitles":["isOfficeRole"],"fullName":"isOfficeRole test_feat_auth_002_office_supt_is_office","status":"passed","title":"test_feat_auth_002_office_supt_is_office","duration":0.08210000000053697,"failureMessages":[],"meta":{}},{"ancestorTitles":["isOfficeRole"],"fullName":"isOfficeRole test_feat_auth_002_dpa_is_office","status":"passed","title":"test_feat_auth_002_dpa_is_office","duration":0.1022000000002663,"failureMessages":[],"meta":{}},{"ancestorTitles":["isOfficeRole"],"fullName":"isOfficeRole test_feat_auth_002_physical_verifier_is_office","status":"passed","title":"test_feat_auth_002_physical_verifier_is_office","duration":0.16129999999975553,"failureMessages":[],"meta":{}},{"ancestorTitles":["isOfficeRole"],"fullName":"isOfficeRole test_feat_auth_002_vessel_master_is_not_office","status":"passed","title":"test_feat_auth_002_vessel_master_is_not_office","duration":0.09140000000024884,"failureMessages":[],"meta":{}},{"ancestorTitles":["isOfficeRole"],"fullName":"isOfficeRole test_feat_auth_002_vessel_crew_is_not_office","status":"passed","title":"test_feat_auth_002_vessel_crew_is_not_office","duration":0.06610000000000582,"failureMessages":[],"meta":{}},{"ancestorTitles":["isOfficeRole"],"fullName":"isOfficeRole test_feat_auth_002_undefined_is_not_office","status":"passed","title":"test_feat_auth_002_undefined_is_not_office","duration":0.06060000000070431,"failureMessages":[],"meta":{}},{"ancestorTitles":["canPerformPICActions"],"fullName":"canPerformPICActions test_feat_auth_002_pic_can_perform_pic_actions","status":"passed","title":"test_feat_auth_002_pic_can_perform_pic_actions","duration":0.11300000000028376,"failureMessages":[],"meta":{}},{"ancestorTitles":["canPerformPICActions"],"fullName":"canPerformPICActions test_feat_auth_002_ssqe_can_perform_pic_actions","status":"passed","title":"test_feat_auth_002_ssqe_can_perform_pic_actions","duration":0.08979999999974098,"failureMessages":[],"meta":{}},{"ancestorTitles":["canPerformPICActions"],"fullName":"canPerformPICActions test_feat_auth_002_supt_can_perform_pic_actions","status":"passed","title":"test_feat_auth_002_supt_can_perform_pic_actions","duration":0.06849999999940337,"failureMessages":[],"meta":{}},{"ancestorTitles":["canPerformPICActions"],"fullName":"canPerformPICActions test_feat_auth_002_dpa_can_perform_pic_actions","status":"passed","title":"test_feat_auth_002_dpa_can_perform_pic_actions","duration":0.07049999999981083,"failureMessages":[],"meta":{}},{"ancestorTitles":["canPerformPICActions"],"fullName":"canPerformPICActions test_feat_auth_002_vessel_master_cannot_perform_pic_actions","status":"passed","title":"test_feat_auth_002_vessel_master_cannot_perform_pic_actions","duration":0.0988999999999578,"failureMessages":[],"meta":{}},{"ancestorTitles":["canPerformPICActions"],"fullName":"canPerformPICActions test_feat_auth_002_physical_verifier_cannot_perform_pic_actions","status":"passed","title":"test_feat_auth_002_physical_verifier_cannot_perform_pic_actions","duration":0.08129999999982829,"failureMessages":[],"meta":{}},{"ancestorTitles":["canPerformPICActions"],"fullName":"canPerformPICActions test_feat_auth_002_undefined_cannot_perform_pic_actions","status":"passed","title":"test_feat_auth_002_undefined_cannot_perform_pic_actions","duration":0.07780000000002474,"failureMessages":[],"meta":{}},{"ancestorTitles":["canPerformDPAActions"],"fullName":"canPerformDPAActions test_feat_auth_002_dpa_can_perform_dpa_actions","status":"passed","title":"test_feat_auth_002_dpa_can_perform_dpa_actions","duration":0.20780000000013388,"failureMessages":[],"meta":{}},{"ancestorTitles":["canPerformDPAActions"],"fullName":"canPerformDPAActions test_feat_auth_002_pic_cannot_perform_dpa_actions","status":"passed","title":"test_feat_auth_002_pic_cannot_perform_dpa_actions","duration":0.13410000000021682,"failureMessages":[],"meta":{}},{"ancestorTitles":["canPerformDPAActions"],"fullName":"canPerformDPAActions test_feat_auth_002_vessel_master_cannot_perform_dpa_actions","status":"passed","title":"test_feat_auth_002_vessel_master_cannot_perform_dpa_actions","duration":0.20470000000022992,"failureMessages":[],"meta":{}},{"ancestorTitles":["canPerformDPAActions"],"fullName":"canPerformDPAActions test_feat_auth_002_undefined_cannot_perform_dpa_actions","status":"passed","title":"test_feat_auth_002_undefined_cannot_perform_dpa_actions","duration":0.14280000000053406,"failureMessages":[],"meta":{}},{"ancestorTitles":["classifyVesselRank"],"fullName":"classifyVesselRank classifies master rank","status":"passed","title":"classifies master rank","duration":0.22270000000025902,"failureMessages":[],"meta":{}},{"ancestorTitles":["classifyVesselRank"],"fullName":"classifyVesselRank classifies chief officer rank","status":"passed","title":"classifies chief officer rank","duration":0.08389999999963038,"failureMessages":[],"meta":{}},{"ancestorTitles":["classifyVesselRank"],"fullName":"classifyVesselRank classifies chief engineer rank","status":"passed","title":"classifies chief engineer rank","duration":0.068000000000211,"failureMessages":[],"meta":{}},{"ancestorTitles":["classifyVesselRank"],"fullName":"classifyVesselRank classifies second engineer rank","status":"passed","title":"classifies second engineer rank","duration":0.10230000000046857,"failureMessages":[],"meta":{}},{"ancestorTitles":["canAccessReportsFeature"],"fullName":"canAccessReportsFeature allows office users","status":"passed","title":"allows office users","duration":0.19990000000052532,"failureMessages":[],"meta":{}},{"ancestorTitles":["canAccessReportsFeature"],"fullName":"canAccessReportsFeature allows vessel master role","status":"passed","title":"allows vessel master role","duration":0.07899999999972351,"failureMessages":[],"meta":{}},{"ancestorTitles":["canAccessReportsFeature"],"fullName":"canAccessReportsFeature allows vessel 2e rank","status":"passed","title":"allows vessel 2e rank","duration":0.0694999999996071,"failureMessages":[],"meta":{}},{"ancestorTitles":["canAccessReportsFeature"],"fullName":"canAccessReportsFeature denies other vessel ranks","status":"passed","title":"denies other vessel ranks","duration":0.06069999999999709,"failureMessages":[],"meta":{}},{"ancestorTitles":["canImportOpenSourceFeature"],"fullName":"canImportOpenSourceFeature allows office import","status":"passed","title":"allows office import","duration":0.07549999999991996,"failureMessages":[],"meta":{}},{"ancestorTitles":["canImportOpenSourceFeature"],"fullName":"canImportOpenSourceFeature blocks vessel import","status":"passed","title":"blocks vessel import","duration":0.06400000000030559,"failureMessages":[],"meta":{}}],"startTime":1770825564688,"endTime":1770825564695.064,"status":"passed","message":"","name":"D:/Projects/VIMS Inspection/psc-frontend/src/hooks/use-auth.test.ts"},{"assertionResults":[{"ancestorTitles":["carKeys factory"],"fullName":"carKeys factory all is [\"cars\"]","status":"passed","title":"all is [\"cars\"]","duration":5.248000000000502,"failureMessages":[],"meta":{}},{"ancestorTitles":["carKeys factory"],"fullName":"carKeys factory lists appends \"list\"","status":"passed","title":"lists appends \"list\"","duration":0.970499999999447,"failureMessages":[],"meta":{}},{"ancestorTitles":["carKeys factory"],"fullName":"carKeys factory list includes filters, page, pageSize","status":"passed","title":"list includes filters, page, pageSize","duration":0.961699999999837,"failureMessages":[],"meta":{}},{"ancestorTitles":["carKeys factory"],"fullName":"carKeys factory details appends \"detail\"","status":"passed","title":"details appends \"detail\"","duration":0.6809000000002925,"failureMessages":[],"meta":{}},{"ancestorTitles":["carKeys factory"],"fullName":"carKeys factory detail includes id","status":"passed","title":"detail includes id","duration":0.5504999999993743,"failureMessages":[],"meta":{}},{"ancestorTitles":["useCARs"],"fullName":"useCARs calls getCARs with correct params","status":"passed","title":"calls getCARs with correct params","duration":134.22490000000016,"failureMessages":[],"meta":{}},{"ancestorTitles":["useCARs"],"fullName":"useCARs is disabled when enabled=false","status":"passed","title":"is disabled when enabled=false","duration":5.750099999999293,"failureMessages":[],"meta":{}},{"ancestorTitles":["useCAR"],"fullName":"useCAR calls getCARDetail with id","status":"passed","title":"calls getCARDetail with id","duration":82.01339999999982,"failureMessages":[],"meta":{}},{"ancestorTitles":["useCAR"],"fullName":"useCAR is disabled when id is undefined","status":"passed","title":"is disabled when id is undefined","duration":5.589299999999639,"failureMessages":[],"meta":{}},{"ancestorTitles":["useUpdateCAR"],"fullName":"useUpdateCAR calls updateCAR and invalidates caches","status":"passed","title":"calls updateCAR and invalidates caches","duration":116.92799999999988,"failureMessages":[],"meta":{}},{"ancestorTitles":["useSubmitCAR"],"fullName":"useSubmitCAR calls submitCAR","status":"passed","title":"calls submitCAR","duration":95.62459999999919,"failureMessages":[],"meta":{}}],"startTime":1770825546753,"endTime":1770825547203.6245,"status":"passed","message":"","name":"D:/Projects/VIMS Inspection/psc-frontend/src/hooks/use-cars.test.ts"},{"assertionResults":[{"ancestorTitles":["inspectionKeys factory"],"fullName":"inspectionKeys factory all is [\"inspections\"]","status":"passed","title":"all is [\"inspections\"]","duration":7.728699999999662,"failureMessages":[],"meta":{}},{"ancestorTitles":["inspectionKeys factory"],"fullName":"inspectionKeys factory lists appends \"list\"","status":"passed","title":"lists appends \"list\"","duration":1.5299000000004526,"failureMessages":[],"meta":{}},{"ancestorTitles":["inspectionKeys factory"],"fullName":"inspectionKeys factory list includes filters, page, pageSize","status":"passed","title":"list includes filters, page, pageSize","duration":1.5046999999995023,"failureMessages":[],"meta":{}},{"ancestorTitles":["inspectionKeys factory"],"fullName":"inspectionKeys factory details appends \"detail\"","status":"passed","title":"details appends \"detail\"","duration":1.0913999999993393,"failureMessages":[],"meta":{}},{"ancestorTitles":["inspectionKeys factory"],"fullName":"inspectionKeys factory detail includes id","status":"passed","title":"detail includes id","duration":0.8389999999999418,"failureMessages":[],"meta":{}},{"ancestorTitles":["useInspections"],"fullName":"useInspections calls getInspections with params","status":"passed","title":"calls getInspections with params","duration":151.04700000000048,"failureMessages":[],"meta":{}},{"ancestorTitles":["useInspections"],"fullName":"useInspections is disabled when enabled=false","status":"passed","title":"is disabled when enabled=false","duration":8.239700000000084,"failureMessages":[],"meta":{}},{"ancestorTitles":["useInspection"],"fullName":"useInspection calls getInspection with id","status":"passed","title":"calls getInspection with id","duration":99.6872999999996,"failureMessages":[],"meta":{}},{"ancestorTitles":["useInspection"],"fullName":"useInspection is disabled when id is undefined","status":"passed","title":"is disabled when id is undefined","duration":8.491299999999683,"failureMessages":[],"meta":{}},{"ancestorTitles":["useCreateInspection"],"fullName":"useCreateInspection calls createInspection","status":"passed","title":"calls createInspection","duration":107.55709999999999,"failureMessages":[],"meta":{}},{"ancestorTitles":["useDeleteInspection"],"fullName":"useDeleteInspection calls deleteInspection and removes from cache","status":"passed","title":"calls deleteInspection and removes from cache","duration":92.19620000000032,"failureMessages":[],"meta":{}}],"startTime":1770825544618,"endTime":1770825545100.1963,"status":"passed","message":"","name":"D:/Projects/VIMS Inspection/psc-frontend/src/hooks/use-inspections.test.ts"},{"assertionResults":[{"ancestorTitles":["notificationKeys factory"],"fullName":"notificationKeys factory all is [\"notifications\"]","status":"passed","title":"all is [\"notifications\"]","duration":5.810699999999997,"failureMessages":[],"meta":{}},{"ancestorTitles":["notificationKeys factory"],"fullName":"notificationKeys factory lists appends \"list\"","status":"passed","title":"lists appends \"list\"","duration":1.6024999999999636,"failureMessages":[],"meta":{}},{"ancestorTitles":["notificationKeys factory"],"fullName":"notificationKeys factory list includes scopeKey, page, pageSize, isRead","status":"passed","title":"list includes scopeKey, page, pageSize, isRead","duration":1.2161000000005515,"failureMessages":[],"meta":{}},{"ancestorTitles":["notificationKeys factory"],"fullName":"notificationKeys factory unreadCount key","status":"passed","title":"unreadCount key","duration":0.7754999999997381,"failureMessages":[],"meta":{}},{"ancestorTitles":["useNotifications"],"fullName":"useNotifications calls getNotifications with params","status":"passed","title":"calls getNotifications with params","duration":183.35289999999986,"failureMessages":[],"meta":{}},{"ancestorTitles":["useNotifications"],"fullName":"useNotifications is disabled when enabled=false","status":"passed","title":"is disabled when enabled=false","duration":11.147699999999531,"failureMessages":[],"meta":{}},{"ancestorTitles":["useNotifications"],"fullName":"useNotifications is disabled when auth is not initialized/authenticated","status":"passed","title":"is disabled when auth is not initialized/authenticated","duration":7.93369999999959,"failureMessages":[],"meta":{}},{"ancestorTitles":["useNotifications"],"fullName":"useNotifications is disabled when user scope key cannot be resolved","status":"passed","title":"is disabled when user scope key cannot be resolved","duration":7.065599999999904,"failureMessages":[],"meta":{}},{"ancestorTitles":["useUnreadCount"],"fullName":"useUnreadCount calls getUnreadCount","status":"passed","title":"calls getUnreadCount","duration":73.2598999999991,"failureMessages":[],"meta":{}},{"ancestorTitles":["useUnreadCount"],"fullName":"useUnreadCount is disabled when enabled=false","status":"passed","title":"is disabled when enabled=false","duration":6.315000000000509,"failureMessages":[],"meta":{}},{"ancestorTitles":["useUnreadCount"],"fullName":"useUnreadCount is disabled when auth is not initialized/authenticated","status":"passed","title":"is disabled when auth is not initialized/authenticated","duration":8.220499999999447,"failureMessages":[],"meta":{}},{"ancestorTitles":["useMarkRead"],"fullName":"useMarkRead calls markNotificationsRead with ids","status":"passed","title":"calls markNotificationsRead with ids","duration":91.08179999999993,"failureMessages":[],"meta":{}},{"ancestorTitles":["useMarkAllRead"],"fullName":"useMarkAllRead calls markAllNotificationsRead","status":"passed","title":"calls markAllNotificationsRead","duration":104.41320000000087,"failureMessages":[],"meta":{}}],"startTime":1770825546486,"endTime":1770825546997.413,"status":"passed","message":"","name":"D:/Projects/VIMS Inspection/psc-frontend/src/hooks/use-notifications.test.ts"},{"assertionResults":[{"ancestorTitles":["syncKeys factory"],"fullName":"syncKeys factory all is [\"sync\"]","status":"passed","title":"all is [\"sync\"]","duration":6.694300000000112,"failureMessages":[],"meta":{}},{"ancestorTitles":["syncKeys factory"],"fullName":"syncKeys factory conflicts appends \"conflicts\"","status":"passed","title":"conflicts appends \"conflicts\"","duration":0.7506000000003041,"failureMessages":[],"meta":{}},{"ancestorTitles":["useConflicts"],"fullName":"useConflicts calls getConflicts","status":"passed","title":"calls getConflicts","duration":130.6298000000006,"failureMessages":[],"meta":{}},{"ancestorTitles":["useConflicts"],"fullName":"useConflicts is disabled when enabled=false","status":"passed","title":"is disabled when enabled=false","duration":7.697800000000825,"failureMessages":[],"meta":{}},{"ancestorTitles":["useInvalidateConflicts"],"fullName":"useInvalidateConflicts returns a callable function","status":"passed","title":"returns a callable function","duration":5.852199999999357,"failureMessages":[],"meta":{}}],"startTime":1770825556704,"endTime":1770825556855.8523,"status":"passed","message":"","name":"D:/Projects/VIMS Inspection/psc-frontend/src/hooks/use-sync.test.ts"},{"assertionResults":[{"ancestorTitles":["use-toast reducer — ADD_TOAST"],"fullName":"use-toast reducer — ADD_TOAST adds toast to empty list","status":"passed","title":"adds toast to empty list","duration":2.6359999999995125,"failureMessages":[],"meta":{}},{"ancestorTitles":["use-toast reducer — ADD_TOAST"],"fullName":"use-toast reducer — ADD_TOAST new toast is prepended","status":"passed","title":"new toast is prepended","duration":0.21600000000034925,"failureMessages":[],"meta":{}},{"ancestorTitles":["use-toast reducer — ADD_TOAST"],"fullName":"use-toast reducer — ADD_TOAST respects TOAST_LIMIT of 1","status":"passed","title":"respects TOAST_LIMIT of 1","duration":0.3635999999996784,"failureMessages":[],"meta":{}},{"ancestorTitles":["use-toast reducer — UPDATE_TOAST"],"fullName":"use-toast reducer — UPDATE_TOAST updates existing toast by id","status":"passed","title":"updates existing toast by id","duration":0.19070000000010623,"failureMessages":[],"meta":{}},{"ancestorTitles":["use-toast reducer — UPDATE_TOAST"],"fullName":"use-toast reducer — UPDATE_TOAST does not modify other toasts","status":"passed","title":"does not modify other toasts","duration":0.18229999999948632,"failureMessages":[],"meta":{}},{"ancestorTitles":["use-toast reducer — UPDATE_TOAST"],"fullName":"use-toast reducer — UPDATE_TOAST no-op for non-existent id","status":"passed","title":"no-op for non-existent id","duration":0.24129999999968277,"failureMessages":[],"meta":{}},{"ancestorTitles":["use-toast reducer — DISMISS_TOAST"],"fullName":"use-toast reducer — DISMISS_TOAST sets open=false for specific toast","status":"passed","title":"sets open=false for specific toast","duration":0.2915000000002692,"failureMessages":[],"meta":{}},{"ancestorTitles":["use-toast reducer — DISMISS_TOAST"],"fullName":"use-toast reducer — DISMISS_TOAST sets open=false for all toasts when no id","status":"passed","title":"sets open=false for all toasts when no id","duration":0.29689999999936845,"failureMessages":[],"meta":{}},{"ancestorTitles":["use-toast reducer — DISMISS_TOAST"],"fullName":"use-toast reducer — DISMISS_TOAST does not affect other toasts when dismissing one","status":"passed","title":"does not affect other toasts when dismissing one","duration":0.26340000000072905,"failureMessages":[],"meta":{}},{"ancestorTitles":["use-toast reducer — REMOVE_TOAST"],"fullName":"use-toast reducer — REMOVE_TOAST removes specific toast by id","status":"passed","title":"removes specific toast by id","duration":0.43069999999988795,"failureMessages":[],"meta":{}},{"ancestorTitles":["use-toast reducer — REMOVE_TOAST"],"fullName":"use-toast reducer — REMOVE_TOAST removes all toasts when no id","status":"passed","title":"removes all toasts when no id","duration":0.28219999999964784,"failureMessages":[],"meta":{}},{"ancestorTitles":["use-toast reducer — REMOVE_TOAST"],"fullName":"use-toast reducer — REMOVE_TOAST no-op for non-existent id","status":"passed","title":"no-op for non-existent id","duration":0.26090000000021973,"failureMessages":[],"meta":{}}],"startTime":1770825564738,"endTime":1770825564744.261,"status":"passed","message":"","name":"D:/Projects/VIMS Inspection/psc-frontend/src/hooks/use-toast.test.ts"},{"assertionResults":[{"ancestorTitles":["LoginPage"],"fullName":"LoginPage test_feat_auth_001_loading_state_when_auth_not_initialized_shows_spinner_and_hides_form","status":"passed","title":"test_feat_auth_001_loading_state_when_auth_not_initialized_shows_spinner_and_hides_form","duration":100.19290000000001,"failureMessages":[],"meta":{}},{"ancestorTitles":["LoginPage"],"fullName":"LoginPage test_feat_auth_001_redirects_authenticated_user_to_state_from_route","status":"passed","title":"test_feat_auth_001_redirects_authenticated_user_to_state_from_route","duration":19.341099999999642,"failureMessages":[],"meta":{}},{"ancestorTitles":["LoginPage"],"fullName":"LoginPage test_feat_auth_001_renders_login_form_when_unauthenticated_and_initialized","status":"passed","title":"test_feat_auth_001_renders_login_form_when_unauthenticated_and_initialized","duration":740.4685000000009,"failureMessages":[],"meta":{}},{"ancestorTitles":["LoginPage"],"fullName":"LoginPage test_feat_auth_001_login_success_navigates_to_default_inspections_route","status":"passed","title":"test_feat_auth_001_login_success_navigates_to_default_inspections_route","duration":78.14669999999933,"failureMessages":[],"meta":{}}],"startTime":1770825535528,"endTime":1770825536466.1467,"status":"passed","message":"","name":"D:/Projects/VIMS Inspection/psc-frontend/src/routes/login.test.tsx"},{"assertionResults":[{"ancestorTitles":["auth-store — initial state"],"fullName":"auth-store — initial state test_feat_auth_001_initial_state_is_unauthenticated","status":"passed","title":"test_feat_auth_001_initial_state_is_unauthenticated","duration":7.752599999999802,"failureMessages":[],"meta":{}},{"ancestorTitles":["auth-store — login"],"fullName":"auth-store — login test_feat_auth_001_happy_path_login_sets_tokens_and_user","status":"passed","title":"test_feat_auth_001_happy_path_login_sets_tokens_and_user","duration":6.580599999999322,"failureMessages":[],"meta":{}},{"ancestorTitles":["auth-store — login"],"fullName":"auth-store — login test_feat_auth_001_login_sets_loading_during_request","status":"passed","title":"test_feat_auth_001_login_sets_loading_during_request","duration":1.4728000000004613,"failureMessages":[],"meta":{}},{"ancestorTitles":["auth-store — login"],"fullName":"auth-store — login test_feat_auth_001_login_failure_clears_loading_and_throws","status":"passed","title":"test_feat_auth_001_login_failure_clears_loading_and_throws","duration":6.1851000000006024,"failureMessages":[],"meta":{}},{"ancestorTitles":["auth-store — logout"],"fullName":"auth-store — logout test_feat_auth_001_happy_path_logout_clears_state","status":"passed","title":"test_feat_auth_001_happy_path_logout_clears_state","duration":1.1436000000003332,"failureMessages":[],"meta":{}},{"ancestorTitles":["auth-store — logout"],"fullName":"auth-store — logout test_feat_auth_001_logout_clears_state_even_if_api_fails","status":"passed","title":"test_feat_auth_001_logout_clears_state_even_if_api_fails","duration":1.0477000000000771,"failureMessages":[],"meta":{}},{"ancestorTitles":["auth-store — setUser / setTokens"],"fullName":"auth-store — setUser / setTokens test_feat_auth_001_set_user_updates_authenticated_state","status":"passed","title":"test_feat_auth_001_set_user_updates_authenticated_state","duration":1.512499999999818,"failureMessages":[],"meta":{}},{"ancestorTitles":["auth-store — setUser / setTokens"],"fullName":"auth-store — setUser / setTokens test_feat_auth_001_set_user_null_clears_authenticated_state","status":"passed","title":"test_feat_auth_001_set_user_null_clears_authenticated_state","duration":0.9984000000004016,"failureMessages":[],"meta":{}},{"ancestorTitles":["auth-store — setUser / setTokens"],"fullName":"auth-store — setUser / setTokens test_feat_auth_001_set_tokens_updates_authenticated_state","status":"passed","title":"test_feat_auth_001_set_tokens_updates_authenticated_state","duration":1.3108000000001994,"failureMessages":[],"meta":{}},{"ancestorTitles":["auth-store — setUser / setTokens"],"fullName":"auth-store — setUser / setTokens test_feat_auth_001_set_tokens_null_clears_authenticated_state","status":"passed","title":"test_feat_auth_001_set_tokens_null_clears_authenticated_state","duration":1.3296999999993204,"failureMessages":[],"meta":{}},{"ancestorTitles":["auth-store — refreshTokens"],"fullName":"auth-store — refreshTokens test_feat_auth_001_refresh_returns_null_without_tokens","status":"passed","title":"test_feat_auth_001_refresh_returns_null_without_tokens","duration":0.9082999999991443,"failureMessages":[],"meta":{}},{"ancestorTitles":["auth-store — refreshTokens"],"fullName":"auth-store — refreshTokens test_feat_auth_001_refresh_failure_clears_auth_state","status":"passed","title":"test_feat_auth_001_refresh_failure_clears_auth_state","duration":1.5122000000001208,"failureMessages":[],"meta":{}}],"startTime":1770825563424,"endTime":1770825563457.5122,"status":"passed","message":"","name":"D:/Projects/VIMS Inspection/psc-frontend/src/stores/auth-store.test.ts"},{"assertionResults":[{"ancestorTitles":["sync-store — initial state"],"fullName":"sync-store — initial state has correct defaults","status":"passed","title":"has correct defaults","duration":5.9310999999997875,"failureMessages":[],"meta":{}},{"ancestorTitles":["sync-store — setOnline"],"fullName":"sync-store — setOnline sets online to false","status":"passed","title":"sets online to false","duration":1.0881999999992331,"failureMessages":[],"meta":{}},{"ancestorTitles":["sync-store — setOnline"],"fullName":"sync-store — setOnline sets online to true","status":"passed","title":"sets online to true","duration":0.5327000000006592,"failureMessages":[],"meta":{}},{"ancestorTitles":["sync-store — setSyncInProgress"],"fullName":"sync-store — setSyncInProgress sets syncInProgress","status":"passed","title":"sets syncInProgress","duration":0.5834999999997308,"failureMessages":[],"meta":{}},{"ancestorTitles":["sync-store — setLastSyncTime"],"fullName":"sync-store — setLastSyncTime sets time and clears error","status":"passed","title":"sets time and clears error","duration":1.0290999999997439,"failureMessages":[],"meta":{}},{"ancestorTitles":["sync-store — pendingChanges"],"fullName":"sync-store — pendingChanges setPendingChanges sets exact count","status":"passed","title":"setPendingChanges sets exact count","duration":0.7309000000004744,"failureMessages":[],"meta":{}},{"ancestorTitles":["sync-store — pendingChanges"],"fullName":"sync-store — pendingChanges incrementPendingChanges adds 1","status":"passed","title":"incrementPendingChanges adds 1","duration":0.6779999999998836,"failureMessages":[],"meta":{}},{"ancestorTitles":["sync-store — pendingChanges"],"fullName":"sync-store — pendingChanges decrementPendingChanges subtracts 1","status":"passed","title":"decrementPendingChanges subtracts 1","duration":0.6078000000006796,"failureMessages":[],"meta":{}},{"ancestorTitles":["sync-store — pendingChanges"],"fullName":"sync-store — pendingChanges decrementPendingChanges never goes below 0","status":"passed","title":"decrementPendingChanges never goes below 0","duration":0.44099999999980355,"failureMessages":[],"meta":{}},{"ancestorTitles":["sync-store — setConflicts"],"fullName":"sync-store — setConflicts sets conflict count","status":"passed","title":"sets conflict count","duration":0.49430000000029395,"failureMessages":[],"meta":{}},{"ancestorTitles":["sync-store — setLastSyncError"],"fullName":"sync-store — setLastSyncError sets error message","status":"passed","title":"sets error message","duration":0.4603000000006432,"failureMessages":[],"meta":{}},{"ancestorTitles":["sync-store — setLastSyncError"],"fullName":"sync-store — setLastSyncError clears error with null","status":"passed","title":"clears error with null","duration":0.3051999999997861,"failureMessages":[],"meta":{}},{"ancestorTitles":["sync-store — resetSyncState"],"fullName":"sync-store — resetSyncState clears all sync fields","status":"passed","title":"clears all sync fields","duration":1.3543999999992593,"failureMessages":[],"meta":{}},{"ancestorTitles":["sync-store — resetSyncState"],"fullName":"sync-store — resetSyncState preserves isOnline","status":"passed","title":"preserves isOnline","duration":0.9349000000001979,"failureMessages":[],"meta":{}}],"startTime":1770825563817,"endTime":1770825563833.9348,"status":"passed","message":"","name":"D:/Projects/VIMS Inspection/psc-frontend/src/stores/sync-store.test.ts"},{"assertionResults":[{"ancestorTitles":["AuthGuard"],"fullName":"AuthGuard test_feat_auth_001_happy_path_renders_children_when_authenticated","status":"passed","title":"test_feat_auth_001_happy_path_renders_children_when_authenticated","duration":85.15989999999965,"failureMessages":[],"meta":{}},{"ancestorTitles":["AuthGuard"],"fullName":"AuthGuard test_feat_auth_001_redirects_to_login_when_not_authenticated","status":"passed","title":"test_feat_auth_001_redirects_to_login_when_not_authenticated","duration":17.85059999999976,"failureMessages":[],"meta":{}},{"ancestorTitles":["AuthGuard"],"fullName":"AuthGuard test_feat_auth_001_preserves_return_path_on_redirect","status":"passed","title":"test_feat_auth_001_preserves_return_path_on_redirect","duration":8.03440000000046,"failureMessages":[],"meta":{}},{"ancestorTitles":["AuthGuard"],"fullName":"AuthGuard test_feat_auth_001_shows_loading_while_initializing","status":"passed","title":"test_feat_auth_001_shows_loading_while_initializing","duration":30.189100000000508,"failureMessages":[],"meta":{}},{"ancestorTitles":["AuthGuard"],"fullName":"AuthGuard test_feat_auth_001_shows_custom_fallback_while_loading","status":"passed","title":"test_feat_auth_001_shows_custom_fallback_while_loading","duration":9.848700000000463,"failureMessages":[],"meta":{}},{"ancestorTitles":["AuthGuard"],"fullName":"AuthGuard test_feat_auth_001_shows_loading_when_isLoading_true_even_if_initialized","status":"passed","title":"test_feat_auth_001_shows_loading_when_isLoading_true_even_if_initialized","duration":7.857299999999668,"failureMessages":[],"meta":{}}],"startTime":1770825555964,"endTime":1770825556122.8574,"status":"passed","message":"","name":"D:/Projects/VIMS Inspection/psc-frontend/src/components/auth/auth-guard.test.tsx"},{"assertionResults":[{"ancestorTitles":["LoginForm"],"fullName":"LoginForm test_feat_auth_001_required_field_validation_blocks_submit_when_empty","status":"passed","title":"test_feat_auth_001_required_field_validation_blocks_submit_when_empty","duration":840.9179999999997,"failureMessages":[],"meta":{}},{"ancestorTitles":["LoginForm"],"fullName":"LoginForm test_feat_auth_001_successful_login_calls_auth_and_onsuccess","status":"passed","title":"test_feat_auth_001_successful_login_calls_auth_and_onsuccess","duration":229.0709999999999,"failureMessages":[],"meta":{}},{"ancestorTitles":["LoginForm"],"fullName":"LoginForm test_feat_auth_001_invalid_credentials_error_is_mapped_to_user_friendly_message","status":"passed","title":"test_feat_auth_001_invalid_credentials_error_is_mapped_to_user_friendly_message","duration":129.13960000000043,"failureMessages":[],"meta":{}},{"ancestorTitles":["LoginForm"],"fullName":"LoginForm test_feat_auth_001_password_visibility_toggle_switches_input_type","status":"passed","title":"test_feat_auth_001_password_visibility_toggle_switches_input_type","duration":134.009399999999,"failureMessages":[],"meta":{}}],"startTime":1770825508426,"endTime":1770825509760.0095,"status":"passed","message":"","name":"D:/Projects/VIMS Inspection/psc-frontend/src/components/auth/login-form.test.tsx"},{"assertionResults":[{"ancestorTitles":["RoleGuard — allowedRoles"],"fullName":"RoleGuard — allowedRoles test_feat_auth_002_happy_path_matching_role_renders_children","status":"passed","title":"test_feat_auth_002_happy_path_matching_role_renders_children","duration":82.36959999999999,"failureMessages":[],"meta":{}},{"ancestorTitles":["RoleGuard — allowedRoles"],"fullName":"RoleGuard — allowedRoles test_feat_auth_002_non_matching_role_shows_access_denied","status":"passed","title":"test_feat_auth_002_non_matching_role_shows_access_denied","duration":39.29269999999997,"failureMessages":[],"meta":{}},{"ancestorTitles":["RoleGuard — allowedRoles"],"fullName":"RoleGuard — allowedRoles test_feat_auth_002_undefined_role_shows_access_denied","status":"passed","title":"test_feat_auth_002_undefined_role_shows_access_denied","duration":17.09519999999975,"failureMessages":[],"meta":{}},{"ancestorTitles":["RoleGuard — allowedRoles"],"fullName":"RoleGuard — allowedRoles test_feat_auth_002_multiple_allowed_roles_any_match_passes","status":"passed","title":"test_feat_auth_002_multiple_allowed_roles_any_match_passes","duration":6.985000000000582,"failureMessages":[],"meta":{}},{"ancestorTitles":["RoleGuard — allowedRoles"],"fullName":"RoleGuard — allowedRoles test_feat_auth_002_empty_allowed_roles_renders_children","status":"passed","title":"test_feat_auth_002_empty_allowed_roles_renders_children","duration":7.573800000000119,"failureMessages":[],"meta":{}},{"ancestorTitles":["RoleGuard — allowedRoles"],"fullName":"RoleGuard — allowedRoles test_feat_auth_002_custom_fallback_rendered_on_deny","status":"passed","title":"test_feat_auth_002_custom_fallback_rendered_on_deny","duration":6.241600000001199,"failureMessages":[],"meta":{}},{"ancestorTitles":["RoleGuard — allowVessel/allowOffice"],"fullName":"RoleGuard — allowVessel/allowOffice test_feat_auth_002_allow_vessel_passes_for_vessel_user","status":"passed","title":"test_feat_auth_002_allow_vessel_passes_for_vessel_user","duration":5.86279999999897,"failureMessages":[],"meta":{}},{"ancestorTitles":["RoleGuard — allowVessel/allowOffice"],"fullName":"RoleGuard — allowVessel/allowOffice test_feat_auth_002_allow_vessel_blocks_office_user","status":"passed","title":"test_feat_auth_002_allow_vessel_blocks_office_user","duration":12.718899999999849,"failureMessages":[],"meta":{}},{"ancestorTitles":["RoleGuard — allowVessel/allowOffice"],"fullName":"RoleGuard — allowVessel/allowOffice test_feat_auth_002_allow_office_passes_for_office_user","status":"passed","title":"test_feat_auth_002_allow_office_passes_for_office_user","duration":5.347700000000259,"failureMessages":[],"meta":{}},{"ancestorTitles":["VesselOnlyGuard"],"fullName":"VesselOnlyGuard test_feat_auth_002_vessel_user_sees_content","status":"passed","title":"test_feat_auth_002_vessel_user_sees_content","duration":5.519000000000233,"failureMessages":[],"meta":{}},{"ancestorTitles":["VesselOnlyGuard"],"fullName":"VesselOnlyGuard test_feat_auth_002_office_user_sees_access_denied","status":"passed","title":"test_feat_auth_002_office_user_sees_access_denied","duration":10.77730000000156,"failureMessages":[],"meta":{}},{"ancestorTitles":["OfficeOnlyGuard"],"fullName":"OfficeOnlyGuard test_feat_auth_002_office_user_sees_content","status":"passed","title":"test_feat_auth_002_office_user_sees_content","duration":5.441600000000108,"failureMessages":[],"meta":{}},{"ancestorTitles":["OfficeOnlyGuard"],"fullName":"OfficeOnlyGuard test_feat_auth_002_vessel_user_sees_access_denied","status":"passed","title":"test_feat_auth_002_vessel_user_sees_access_denied","duration":11.57550000000083,"failureMessages":[],"meta":{}},{"ancestorTitles":["DPAOnlyGuard"],"fullName":"DPAOnlyGuard test_feat_auth_002_dpa_user_sees_content","status":"passed","title":"test_feat_auth_002_dpa_user_sees_content","duration":6.457500000000437,"failureMessages":[],"meta":{}},{"ancestorTitles":["DPAOnlyGuard"],"fullName":"DPAOnlyGuard test_feat_auth_002_non_dpa_user_sees_access_denied","status":"passed","title":"test_feat_auth_002_non_dpa_user_sees_access_denied","duration":9.626900000001115,"failureMessages":[],"meta":{}},{"ancestorTitles":["PICGuard"],"fullName":"PICGuard test_feat_auth_002_pic_user_sees_content","status":"passed","title":"test_feat_auth_002_pic_user_sees_content","duration":9.003000000000611,"failureMessages":[],"meta":{}},{"ancestorTitles":["PICGuard"],"fullName":"PICGuard test_feat_auth_002_non_pic_user_sees_access_denied","status":"passed","title":"test_feat_auth_002_non_pic_user_sees_access_denied","duration":9.114799999999377,"failureMessages":[],"meta":{}}],"startTime":1770825547169,"endTime":1770825547423.1147,"status":"passed","message":"","name":"D:/Projects/VIMS Inspection/psc-frontend/src/components/auth/role-guard.test.tsx"},{"assertionResults":[{"ancestorTitles":["ActivityHistory"],"fullName":"ActivityHistory test_feat_hist_001_collapsed_by_default_and_expands_to_show_events","status":"passed","title":"test_feat_hist_001_collapsed_by_default_and_expands_to_show_events","duration":827.3531000000003,"failureMessages":[],"meta":{}},{"ancestorTitles":["ActivityHistory"],"fullName":"ActivityHistory test_feat_hist_001_empty_state_shows_message_when_expanded_without_events","status":"passed","title":"test_feat_hist_001_empty_state_shows_message_when_expanded_without_events","duration":74.33100000000013,"failureMessages":[],"meta":{}}],"startTime":1770825523485,"endTime":1770825524386.331,"status":"passed","message":"","name":"D:/Projects/VIMS Inspection/psc-frontend/src/components/car/activity-history.test.tsx"},{"assertionResults":[{"ancestorTitles":["AuditLog"],"fullName":"AuditLog test_feat_hist_002_hidden_when_entries_empty","status":"passed","title":"test_feat_hist_002_hidden_when_entries_empty","duration":49.749299999999494,"failureMessages":[],"meta":{}},{"ancestorTitles":["AuditLog"],"fullName":"AuditLog test_feat_hist_002_expands_and_renders_update_rows_with_old_and_new_values","status":"passed","title":"test_feat_hist_002_expands_and_renders_update_rows_with_old_and_new_values","duration":823.6701000000012,"failureMessages":[],"meta":{}},{"ancestorTitles":["AuditLog"],"fullName":"AuditLog test_feat_hist_002_empty_string_values_render_as_empty_marker_and_edit_assist_label","status":"passed","title":"test_feat_hist_002_empty_string_values_render_as_empty_marker_and_edit_assist_label","duration":82.06460000000152,"failureMessages":[],"meta":{}}],"startTime":1770825516178,"endTime":1770825517134.0647,"status":"passed","message":"","name":"D:/Projects/VIMS Inspection/psc-frontend/src/components/car/audit-log.test.tsx"},{"assertionResults":[{"ancestorTitles":["CARCard"],"fullName":"CARCard test_feat_car_009_clicking_card_navigates_to_car_detail","status":"passed","title":"test_feat_car_009_clicking_card_navigates_to_car_detail","duration":240.22190000000046,"failureMessages":[],"meta":{}},{"ancestorTitles":["CARCard"],"fullName":"CARCard test_feat_car_009_renders_defcode_status_and_target_date","status":"passed","title":"test_feat_car_009_renders_defcode_status_and_target_date","duration":46.90450000000055,"failureMessages":[],"meta":{}},{"ancestorTitles":["CARCard"],"fullName":"CARCard test_feat_car_009_shows_overdue_and_missing_evidence_indicators","status":"passed","title":"test_feat_car_009_shows_overdue_and_missing_evidence_indicators","duration":37.65970000000016,"failureMessages":[],"meta":{}},{"ancestorTitles":["CARCard"],"fullName":"CARCard test_feat_car_009_shows_pv_due_badge_when_pv_due_true","status":"passed","title":"test_feat_car_009_shows_pv_due_badge_when_pv_due_true","duration":18.701500000001033,"failureMessages":[],"meta":{}}],"startTime":1770825548412,"endTime":1770825548756.7014,"status":"passed","message":"","name":"D:/Projects/VIMS Inspection/psc-frontend/src/components/car/car-card.test.tsx"},{"assertionResults":[{"ancestorTitles":["CARDetail"],"fullName":"CARDetail test_feat_car_010_happy_path_renders_core_header_and_deficiency_fields","status":"passed","title":"test_feat_car_010_happy_path_renders_core_header_and_deficiency_fields","duration":308.21509999999944,"failureMessages":[],"meta":{}},{"ancestorTitles":["CARDetail"],"fullName":"CARDetail test_feat_car_010_rework_banner_renders_reason_and_count_for_reworked_status","status":"failed","title":"test_feat_car_010_rework_banner_renders_reason_and_count_for_reworked_status","duration":101.80769999999939,"failureMessages":["TestingLibraryElementError: Unable to find an element with the text: Rework Requested (#2). This could be because the text is broken up by multiple elements. In this case, you can provide a function for your text matcher to make your matcher more flexible.\n\nIgnored nodes: comments, script, style\n\u001b[36m<body>\u001b[39m\n  \u001b[36m<div>\u001b[39m\n    \u001b[36m<div\u001b[39m\n      \u001b[33mclass\u001b[39m=\u001b[32m\"space-y-4\"\u001b[39m\n    \u001b[36m>\u001b[39m\n      \u001b[36m<div\u001b[39m\n        \u001b[33mclass\u001b[39m=\u001b[32m\"rounded-lg border bg-surface-card text-neutral-800 shadow-md border-neutral-200\"\u001b[39m\n      \u001b[36m>\u001b[39m\n        \u001b[36m<div\u001b[39m\n          \u001b[33mclass\u001b[39m=\u001b[32m\"p-4\"\u001b[39m\n        \u001b[36m>\u001b[39m\n          \u001b[36m<div\u001b[39m\n            \u001b[33mclass\u001b[39m=\u001b[32m\"mb-3 flex items-start justify-between gap-2\"\u001b[39m\n          \u001b[36m>\u001b[39m\n            \u001b[36m<h1\u001b[39m\n              \u001b[33mclass\u001b[39m=\u001b[32m\"text-lg font-semibold text-gray-900\"\u001b[39m\n            \u001b[36m>\u001b[39m\n              \u001b[0mPSC-2026-001\u001b[0m\n            \u001b[36m</h1>\u001b[39m\n            \u001b[36m<div\u001b[39m\n              \u001b[33mclass\u001b[39m=\u001b[32m\"inline-flex items-center rounded-full border px-2 py-0.5 text-xs font-medium uppercase transition-colors border-transparent bg-primary-500 text-white gap-1\"\u001b[39m\n            \u001b[36m>\u001b[39m\n              \u001b[0mREWORK_REQUESTED\u001b[0m\n            \u001b[36m</div>\u001b[39m\n          \u001b[36m</div>\u001b[39m\n          \u001b[36m<div\u001b[39m\n            \u001b[33mclass\u001b[39m=\u001b[32m\"mb-3 space-y-1 text-sm text-gray-600\"\u001b[39m\n          \u001b[36m>\u001b[39m\n            \u001b[36m<div\u001b[39m\n              \u001b[33mclass\u001b[39m=\u001b[32m\"flex items-center gap-2\"\u001b[39m\n            \u001b[36m>\u001b[39m\n              \u001b[36m<svg\u001b[39m\n                \u001b[33mclass\u001b[39m=\u001b[32m\"lucide lucide-calendar h-4 w-4 text-gray-400\"\u001b[39m\n                \u001b[33mfill\u001b[39m=\u001b[32m\"none\"\u001b[39m\n                \u001b[33mheight\u001b[39m=\u001b[32m\"24\"\u001b[39m\n                \u001b[33mstroke\u001b[39m=\u001b[32m\"currentColor\"\u001b[39m\n                \u001b[33mstroke-linecap\u001b[39m=\u001b[32m\"round\"\u001b[39m\n                \u001b[33mstroke-linejoin\u001b[39m=\u001b[32m\"round\"\u001b[39m\n                \u001b[33mstroke-width\u001b[39m=\u001b[32m\"2\"\u001b[39m\n                \u001b[33mviewBox\u001b[39m=\u001b[32m\"0 0 24 24\"\u001b[39m\n                \u001b[33mwidth\u001b[39m=\u001b[32m\"24\"\u001b[39m\n                \u001b[33mxmlns\u001b[39m=\u001b[32m\"http://www.w3.org/2000/svg\"\u001b[39m\n              \u001b[36m>\u001b[39m\n                \u001b[36m<path\u001b[39m\n                  \u001b[33md\u001b[39m=\u001b[32m\"M8 2v4\"\u001b[39m\n                \u001b[36m/>\u001b[39m\n                \u001b[36m<path\u001b[39m\n                  \u001b[33md\u001b[39m=\u001b[32m\"M16 2v4\"\u001b[39m\n                \u001b[36m/>\u001b[39m\n                \u001b[36m<rect\u001b[39m\n                  \u001b[33mheight\u001b[39m=\u001b[32m\"18\"\u001b[39m\n                  \u001b[33mrx\u001b[39m=\u001b[32m\"2\"\u001b[39m\n                  \u001b[33mwidth\u001b[39m=\u001b[32m\"18\"\u001b[39m\n                  \u001b[33mx\u001b[39m=\u001b[32m\"3\"\u001b[39m\n                  \u001b[33my\u001b[39m=\u001b[32m\"4\"\u001b[39m\n                \u001b[36m/>\u001b[39m\n                \u001b[36m<path\u001b[39m\n                  \u001b[33md\u001b[39m=\u001b[32m\"M3 10h18\"\u001b[39m\n                \u001b[36m/>\u001b[39m\n              \u001b[36m</svg>\u001b[39m\n              \u001b[36m<span>\u001b[39m\n                \u001b[0mCreated: \u001b[0m\n                \u001b[0m01 Feb 2026\u001b[0m\n              \u001b[36m</span>\u001b[39m\n            \u001b[36m</div>\u001b[39m\n            \u001b[36m<div\u001b[39m\n              \u001b[33mclass\u001b[39m=\u001b[32m\"flex items-center gap-2\"\u001b[39m\n            \u001b[36m>\u001b[39m\n              \u001b[36m<svg\u001b[39m\n                \u001b[33mclass\u001b[39m=\u001b[32m\"lucide lucide-calendar h-4 w-4 text-gray-400\"\u001b[39m\n                \u001b[33mfill\u001b[39m=\u001b[32m\"none\"\u001b[39m\n                \u001b[33mheight\u001b[39m=\u001b[32m\"24\"\u001b[39m\n                \u001b[33mstroke\u001b[39m=\u001b[32m\"currentColor\"\u001b[39m\n                \u001b[33mstroke-linecap\u001b[39m=\u001b[32m\"round\"\u001b[39m\n                \u001b[33mstroke-linejoin\u001b[39m=\u001b[32m\"round\"\u001b[39m\n                \u001b[33mstroke-width\u001b[39m=\u001b[32m\"2\"\u001b[39m\n                \u001b[33mviewBox\u001b[39m=\u001b[32m\"0 0 24 24\"\u001b[39m\n                \u001b[33mwidth\u001b[39m=\u001b[32m\"24\"\u001b[39m\n                \u001b[33mxmlns\u001b[39m=\u001b[32m\"http://www.w3.org/2000/svg\"\u001b[39m\n              \u001b[36m>\u001b[39m\n                \u001b[36m<path\u001b[39m\n                  \u001b[33md\u001b[39m=\u001b[32m\"M8 2v4\"\u001b[39m\n                \u001b[36m/>\u001b[39m\n                \u001b[36m<path\u001b[39m\n                  \u001b[33md\u001b[39m=\u001b[32m\"M16 2v4\"\u001b[39m\n                \u001b[36m/>\u001b[39m\n                \u001b[36m<rect\u001b[39m\n                  \u001b[33mheight\u001b[39m=\u001b[32m\"18\"\u001b[39m\n                  \u001b[33mrx\u001b[39m=\u001b[32m\"2\"\u001b[39m\n                  \u001b[33mwidth\u001b[39m=\u001b[32m\"18\"\u001b[39m\n                  \u001b[33mx\u001b[39m=\u001b[32m\"3\"\u001b[39m\n                  \u001b[33my\u001b[39m=\u001b[32m\"4\"\u001b[39m\n                \u001b[36m/>\u001b[39m\n                \u001b[36m<path\u001b[39m\n                  \u001b[33md\u001b[39m=\u001b[32m\"M3 10h18\"\u001b[39m\n                \u001b[36m/>\u001b[39m\n              \u001b[36m</svg>\u001b[39m\n              \u001b[36m<span>\u001b[39m\n                \u001b[0mTarget: \u001b[0m\n                \u001b[0m10 Feb 2026\u001b[0m\n              \u001b[36m</span>\u001b[39m\n            \u001b[36m</div>\u001b[39m\n          \u001b[36m</div>\u001b[39m\n        \u001b[36m</div>\u001b[39m\n      \u001b[36m</div>\u001b[39m\n      \u001b[36m<div\u001b[39m\n        \u001b[33mclass\u001b[39m=\u001b[32m\"rounded-lg border bg-surface-card text-neutral-800 shadow-md border-neutral-200\"\u001b[39m\n      \u001b[36m>\u001b[39m\n        \u001b[36m<div\u001b[39m\n          \u001b[33mclass\u001b[39m=\u001b[32m\"p-4\"\u001b[39m\n        \u001b[36m>\u001b[39m\n          \u001b[36m<h2\u001b[39m\n            \u001b[33mclass\u001b[39m=\u001b[32m\"mb-3 text-base font-semibold text-gray-900\"\u001b[39m\n          \u001b[36m>\u001b[39m\n            \u001b[0mDEFICIENCY\u001b[0m\n          \u001b[36m</h2>\u001b[39m\n          \u001b[36m<div\u001b[39m\n            \u001b[33mclass\u001b[39m=\u001b[32m\"space-y-2\"\u001b[39m\n          \u001b[36m>\u001b[39m\n            \u001b[36m<div\u001b[39m\n              \u001b[33mclass\u001b[39m=\u001b[32m\"flex items-center gap-2\"\u001b[39m\n            \u001b[36m>\u001b[39m\n              \u001b[36m<div\u001b[39m\n                \u001b[33mclass\u001b[39m=\u001b[32m\"inline-flex items-center rounded-full border px-2 py-0.5 uppercase transition-colors bg-primary-50 text-primary-700 border-primary-200 font-mono text-sm font-semibold\"\u001b[39m\n              \u001b[36m>\u001b[39m\n                \u001b[36m<svg\u001b[39m\n                  \u001b[33mclass\u001b[39m=\u001b[32m\"lucide lucide-tag mr-1 h-3 w-3\"\u001b[39m\n                  \u001b[33mfill\u001b[39m=\u001b[32m\"none\"\u001b[39m\n                  \u001b[33mheight\u001b[39m=\u001b[32m\"24\"\u001b[39m\n                  \u001b[33mstroke\u001b[39m=\u001b[32m\"currentColor\"\u001b[39m\n                  \u001b[33mstroke-linecap\u001b[39m=\u001b[32m\"round\"\u001b[39m\n                  \u001b[33mstroke-linejoin\u001b[39m=\u001b[32m\"round\"\u001b[39m\n                  \u001b[33mstroke-width\u001b[39m=\u001b[32m\"2\"\u001b[39m\n                  \u001b[33mviewBox\u001b[39m=\u001b[32m\"0 0 24 24\"\u001b[39m\n                  \u001b[33mwidth\u001b[39m=\u001b[32m\"24\"\u001b[39m\n                  \u001b[33mxmlns\u001b[39m=\u001b[32m\"http://www.w3.org/2000/svg\"\u001b[39m\n                \u001b[36m>\u001b[39m\n                  \u001b[36m<path\u001b[39m\n                    \u001b[33md\u001b[39m=\u001b[32m\"M12.586 2.586A2 2 0 0 0 11.172 2H4a2 2 0 0 0-2 2v7.172a2 2 0 0 0 .586 1.414l8.704 8.704a2.426 2.426 0 0 0 3.42 0l6.58-6.58a2.426 2.426 0 0 0 0-3.42z\"\u001b[39m\n                  \u001b[36m/>\u001b[39m\n                  \u001b[36m<circle\u001b[39m\n                    \u001b[33mcx\u001b[39m=\u001b[32m\"7.5\"\u001b[39m\n                    \u001b[33mcy\u001b[39m=\u001b[32m\"7.5\"\u001b[39m\n                    \u001b[33mfill\u001b[39m=\u001b[32m\"currentColor\"\u001b[39m\n                    \u001b[33mr\u001b[39m=\u001b[32m\".5\"\u001b[39m\n                  \u001b[36m/>\u001b[39m\n                \u001b[36m</svg>\u001b[39m\n                \u001b[0m10101\u001b[0m\n              \u001b[36m</div>\u001b[39m\n              \u001b[36m<span\u001b[39m\n                \u001b[33mclass\u001b[39m=\u001b[32m\"text-sm text-gray-500\"\u001b[39m\n              \u001b[36m>\u001b[39m\n                \u001b[0mAction Code: \u001b[0m\n                \u001b[0m30\u001b[0m\n              \u001b[36m</span>\u001b[39m\n            \u001b[36m</div>\u001b[39m\n            \u001b[36m<p\u001b[39m\n              \u001b[33mclass\u001b[39m=\u001b[32m\"text-sm text-gray-700\"\u001b[39m\n            \u001b[36m>\u001b[39m\n              \u001b[0mExpired certificate\u001b[0m\n            \u001b[36m</p>\u001b[39m\n            \u001b[36m<div\u001b[39m\n              \u001b[33mclass\u001b[39m=\u001b[32m\"mt-2 flex flex-wrap items-center gap-x-4 gap-y-1 text-xs text-gray-500\"\u001b[39m\n            \u001b[36m>\u001b[39m\n              \u001b[36m<span>\u001b[39m\n                \u001b[0mPSC\u001b[0m\n              \u001b[36m</span>\u001b[39m\n              \u001b[36m<span\u001b[39m\n                \u001b[33mclass\u001b[39m=\u001b[32m\"flex items-center gap-1\"\u001b[39m\n              \u001b[36m>\u001b[39m\n                \u001b[36m<svg\u001b[39m\n                  \u001b[33mclass\u001b[39m=\u001b[32m\"lucide lucide-calendar h-3 w-3\"\u001b[39m\n                  \u001b[33mfill\u001b[39m=\u001b[32m\"none\"\u001b[39m\n                  \u001b[33mheight\u001b[39m=\u001b[32m\"24\"\u001b[39m\n                  \u001b[33mstroke\u001b[39m=\u001b[32m\"currentColor\"\u001b[39m\n                  \u001b[33mstroke-linecap\u001b[39m=\u001b[32m\"round\"\u001b[39m\n                  \u001b[33mstroke-linejoin\u001b[39m=\u001b[32m\"round\"\u001b[39m\n                  \u001b[33mstroke-width\u001b[39m=\u001b[32m\"2\"\u001b[39m\n                  \u001b[33mviewBox\u001b[39m=\u001b[32m\"0 0 24 24\"\u001b[39m\n                  \u001b[33mwidth\u001b[39m=\u001b[32m\"24\"\u001b[39m\n                  \u001b[33mxmlns\u001b[39m=\u001b[32m\"http://www.w3.org/2000/svg\"\u001b[39m\n                \u001b[36m>\u001b[39m\n                  \u001b[36m<path\u001b[39m\n                    \u001b[33md\u001b[39m=\u001b[32m\"M8 2v4\"\u001b[39m\n                  \u001b[36m/>\u001b[39m\n                  \u001b[36m<path\u001b[39m\n                    \u001b[33md\u001b[39m=\u001b[32m\"M16 2v4\"\u001b[39m\n                  \u001b[36m/>\u001b[39m\n                  \u001b[36m<rect\u001b[39m\n                    \u001b[33mheight\u001b[39m=\u001b[32m\"18\"\u001b[39m\n                    \u001b[33mrx\u001b[39m=\u001b[32m\"2\"\u001b[39m\n                    \u001b[33mwidth\u001b[39m=\u001b[32m\"18\"\u001b[39m\n                    \u001b[33mx\u001b[39m=\u001b[32m\"3\"\u001b[39m\n                    \u001b[33my\u001b[39m=\u001b[32m\"4\"\u001b[39m\n                  \u001b[36m/>\u001b[39m\n                  \u001b[36m<path\u001b[39m\n                    \u001b[33md\u001b[39m=\u001b[32m\"M3 10h18\"\u001b[39m\n                  \u001b[36m/>\u001b[39m\n                \u001b[36m</svg>\u001b[39m\n                \u001b[0m01 Feb 2026\u001b[0m\n              \u001b[36m</span>\u001b[39m\n              \u001b[36m<span\u001b[39m\n                \u001b[33mclass\u001b[39m=\u001b[32m\"flex items-center gap-1\"\u001b[39m\n              \u001b[36m>\u001b[39m\n                \u001b[36m<svg\u001b[39m\n                  \u001b[33mclass\u001b[39m=\u001b[32m\"lucide lucide-map-pin h-3 w-3\"\u001b[39m\n                  \u001b[33mfill\u001b[39m=\u001b[32m\"none\"\u001b[39m\n                  \u001b[33mheight\u001b[39m=\u001b[32m\"24\"\u001b[39m\n                  \u001b[33mstroke\u001b[39m=\u001b[32m\"currentColor\"\u001b[39m\n                  \u001b[33mstroke-linecap\u001b[39m=\u001b[32m\"round\"\u001b[39m\n                  \u001b[33mstroke-linejoin\u001b[39m=\u001b[32m\"round\"\u001b[39m\n                  \u001b[33mstroke-width\u001b[39m=\u001b[32m\"2\"\u001b[39m\n                  \u001b[33mviewBox\u001b[39m=\u001b[32m\"0 0 24 24\"\u001b[39m\n                  \u001b[33mwidth\u001b[39m=\u001b[32m\"24\"\u001b[39m\n                  \u001b[33mxmlns\u001b[39m=\u001b[32m\"http://www.w3.org/2000/svg\"\u001b[39m\n                \u001b[36m>\u001b[39m\n                  \u001b[36m<path\u001b[39m\n                    \u001b[33md\u001b[39m=\u001b[32m\"M20 10c0 6-8 12-8 12s-8-6-8-12a8 8 0 0 1 16 0Z\"\u001b[39m\n                  \u001b[36m/>\u001b[39m\n                  \u001b[36m<circle\u001b[39m\n                    \u001b[33mcx\u001b[39m=\u001b[32m\"12\"\u001b[39m\n                    \u001b[33mcy\u001b[39m=\u001b[32m\"10\"\u001b[39m\n                    \u001b[33mr\u001b[39m=\u001b[32m\"3\"\u001b[39m\n                  \u001b[36m/>\u001b[39m\n                \u001b[36m</svg>\u001b[39m\n                \u001b[0mSingapore\u001b[0m\n              \u001b[36m</span>\u001b[39m\n              \u001b[36m<span>\u001b[39m\n                \u001b[0mMV Atlas\u001b[0m\n              \u001b[36m</span>\u001b[39m\n            \u001b[36m</div>\u001b[39m\n          \u001b[36m</div>\u001b[39m\n        \u001b[36m</div>\u001b[39m\n      \u001b[36m</div>\u001b[39m\n      \u001b[36m<div\u001b[39m\n        \u001b[33mdata-testid\u001b[39m=\u001b[32m\"root-cause-section\"\u001b[39m\n      \u001b[36m>\u001b[39m\n        \u001b[0mRootCause:\u001b[0m\n        \u001b[0mRoot cause summary content for validation and display.\u001b[0m\n        \u001b[0m CLC:\u001b[0m\n        \u001b[0m1\u001b[0m\n      \u001b[36m</div>\u001b[39m\n      \u001b[36m<div\u001b[39m\n        \u001b[33mdata-testid\u001b[39m=\u001b[32m\"corrective-action-list\"\u001b[39m\n      \u001b[36m>\u001b[39m\n        \u001b[0mActions:\u001b[0m\n        \u001b[0m0\u001b[0m\n      \u001b[36m</div>\u001b[39m\n      \u001b[36m<div\u001b[39m\n        \u001b[33mdata-testid\u001b[39m=\u001b[32m\"evidence-section\"\u001b[39m\n      \u001b[36m>\u001b[39m\n        \u001b[0mEvidence:\u001b[0m\n        \u001b[0m0\u001b[0m\n        \u001b[36m<button\u001b[39m\n          \u001b[33mtype\u001b[39m=\u001b[32m\"button\"\u001b[39m\n        \u001b[36m>\u001b[39m\n          \u001b[0mUpload Trigger\u001b[0m\n        \u001b[36m</button>\u001b[39m\n      \u001b[36m</div>\u001b[39m\n      \u001b[36m<div\u001b[39m\n        \u001b[33mdata-testid\u001b[39m=\u001b[32m\"activity-history\"\u001b[39m\n      \u001b[36m>\u001b[39m\n        \u001b[0mEvents:\u001b[0m\n        \u001b[0m1\u001b[0m\n      \u001b[36m</div>\u001b[39m\n    \u001b[36m</div>\u001b[39m\n  \u001b[36m</div>\u001b[39m\n\u001b[36m</body>\u001b[39m\n    at Object.getElementError (D:\\Projects\\VIMS Inspection\\psc-frontend\\node_modules\\@testing-library\\dom\\dist\\config.js:37:19)\n    at D:\\Projects\\VIMS Inspection\\psc-frontend\\node_modules\\@testing-library\\dom\\dist\\query-helpers.js:76:38\n    at D:\\Projects\\VIMS Inspection\\psc-frontend\\node_modules\\@testing-library\\dom\\dist\\query-helpers.js:52:17\n    at D:\\Projects\\VIMS Inspection\\psc-frontend\\node_modules\\@testing-library\\dom\\dist\\query-helpers.js:95:19\n    at D:\\Projects\\VIMS Inspection\\psc-frontend\\src\\components\\car\\car-detail.test.tsx:143:19\n    at file:///D:/Projects/VIMS%20Inspection/psc-frontend/node_modules/@vitest/runner/dist/chunk-hooks.js:155:11\n    at file:///D:/Projects/VIMS%20Inspection/psc-frontend/node_modules/@vitest/runner/dist/chunk-hooks.js:752:26\n    at file:///D:/Projects/VIMS%20Inspection/psc-frontend/node_modules/@vitest/runner/dist/chunk-hooks.js:1897:20\n    at new Promise (<anonymous>)\n    at runWithTimeout (file:///D:/Projects/VIMS%20Inspection/psc-frontend/node_modules/@vitest/runner/dist/chunk-hooks.js:1863:10)"],"meta":{}},{"ancestorTitles":["CARDetail"],"fullName":"CARDetail test_feat_car_010_evidence_section_exposes_upload_action_callback","status":"passed","title":"test_feat_car_010_evidence_section_exposes_upload_action_callback","duration":580.7921999999999,"failureMessages":[],"meta":{}},{"ancestorTitles":["CARDetail"],"fullName":"CARDetail test_feat_car_010_shows_audit_log_only_for_office_or_dpa_when_entries_exist","status":"passed","title":"test_feat_car_010_shows_audit_log_only_for_office_or_dpa_when_entries_exist","duration":84.97939999999835,"failureMessages":[],"meta":{}},{"ancestorTitles":["CARDetail"],"fullName":"CARDetail test_feat_car_010_renders_pic_and_dpa_comments_when_present","status":"passed","title":"test_feat_car_010_renders_pic_and_dpa_comments_when_present","duration":63.129399999999805,"failureMessages":[],"meta":{}}],"startTime":1770825492173,"endTime":1770825493313.1294,"status":"failed","message":"","name":"D:/Projects/VIMS Inspection/psc-frontend/src/components/car/car-detail.test.tsx"},{"assertionResults":[{"ancestorTitles":["CARFilters"],"fullName":"CARFilters test_feat_car_010_status_change_sets_status_filter_and_preserves_other_fields","status":"passed","title":"test_feat_car_010_status_change_sets_status_filter_and_preserves_other_fields","duration":362.4279999999999,"failureMessages":[],"meta":{}},{"ancestorTitles":["CARFilters"],"fullName":"CARFilters test_feat_car_010_selecting_all_statuses_clears_status_filter","status":"passed","title":"test_feat_car_010_selecting_all_statuses_clears_status_filter","duration":25.20129999999881,"failureMessages":[],"meta":{}},{"ancestorTitles":["CARFilters"],"fullName":"CARFilters test_feat_car_010_search_change_updates_search_and_empty_value_maps_to_undefined","status":"passed","title":"test_feat_car_010_search_change_updates_search_and_empty_value_maps_to_undefined","duration":20.48960000000079,"failureMessages":[],"meta":{}},{"ancestorTitles":["CARFilters"],"fullName":"CARFilters test_feat_car_010_clear_button_appears_for_active_filters_and_resets_to_empty_object","status":"passed","title":"test_feat_car_010_clear_button_appears_for_active_filters_and_resets_to_empty_object","duration":727.1731,"failureMessages":[],"meta":{}},{"ancestorTitles":["CARFilters"],"fullName":"CARFilters test_feat_car_010_clear_button_hidden_when_no_active_filters","status":"passed","title":"test_feat_car_010_clear_button_hidden_when_no_active_filters","duration":48.48599999999897,"failureMessages":[],"meta":{}},{"ancestorTitles":["CARFilters"],"fullName":"CARFilters test_feat_car_010_pv_due_toggle_sets_pv_due_filter_true","status":"passed","title":"test_feat_car_010_pv_due_toggle_sets_pv_due_filter_true","duration":117.71149999999943,"failureMessages":[],"meta":{}}],"startTime":1770825526635,"endTime":1770825527937.7114,"status":"passed","message":"","name":"D:/Projects/VIMS Inspection/psc-frontend/src/components/car/car-filters.test.tsx"},{"assertionResults":[{"ancestorTitles":["CARForm"],"fullName":"CARForm test_feat_car_002_happy_path_save_draft_calls_handler_with_form_payload","status":"failed","title":"test_feat_car_002_happy_path_save_draft_calls_handler_with_form_payload","duration":424.4421000000002,"failureMessages":["Error: [vitest] No \"useUpdateAction\" export is defined on the \"@/hooks/use-cars\" mock. Did you forget to return it from \"vi.mock\"?\nIf you need to partially mock a module, you can use \"importOriginal\" helper inside:\n\n    at VitestMocker.createError (file:///D:/Projects/VIMS%20Inspection/psc-frontend/node_modules/vitest/dist/chunks/execute.B7h3T_Hc.js:284:17)\n    at Object.get (file:///D:/Projects/VIMS%20Inspection/psc-frontend/node_modules/vitest/dist/chunks/execute.B7h3T_Hc.js:330:16)\n    at ActionItemRow (D:\\Projects\\VIMS Inspection\\psc-frontend\\src\\components\\car\\car-form.tsx:514:24)\n    at renderWithHooks (D:\\Projects\\VIMS Inspection\\psc-frontend\\node_modules\\react-dom\\cjs\\react-dom.development.js:15486:18)\n    at mountIndeterminateComponent (D:\\Projects\\VIMS Inspection\\psc-frontend\\node_modules\\react-dom\\cjs\\react-dom.development.js:20103:13)\n    at beginWork (D:\\Projects\\VIMS Inspection\\psc-frontend\\node_modules\\react-dom\\cjs\\react-dom.development.js:21626:16)\n    at beginWork$1 (D:\\Projects\\VIMS Inspection\\psc-frontend\\node_modules\\react-dom\\cjs\\react-dom.development.js:27465:14)\n    at performUnitOfWork (D:\\Projects\\VIMS Inspection\\psc-frontend\\node_modules\\react-dom\\cjs\\react-dom.development.js:26599:12)\n    at workLoopSync (D:\\Projects\\VIMS Inspection\\psc-frontend\\node_modules\\react-dom\\cjs\\react-dom.development.js:26505:5)\n    at renderRootSync (D:\\Projects\\VIMS Inspection\\psc-frontend\\node_modules\\react-dom\\cjs\\react-dom.development.js:26473:7)"],"meta":{}},{"ancestorTitles":["CARForm"],"fullName":"CARForm test_feat_car_002_validation_submit_with_missing_requirements_shows_error_dialog_and_blocks_submit","status":"passed","title":"test_feat_car_002_validation_submit_with_missing_requirements_shows_error_dialog_and_blocks_submit","duration":1028.2006000000001,"failureMessages":[],"meta":{}},{"ancestorTitles":["CARForm"],"fullName":"CARForm test_feat_car_002_happy_path_submit_confirms_then_runs_save_and_submit","status":"failed","title":"test_feat_car_002_happy_path_submit_confirms_then_runs_save_and_submit","duration":159.42349999999897,"failureMessages":["Error: [vitest] No \"useUpdateAction\" export is defined on the \"@/hooks/use-cars\" mock. Did you forget to return it from \"vi.mock\"?\nIf you need to partially mock a module, you can use \"importOriginal\" helper inside:\n\n    at VitestMocker.createError (file:///D:/Projects/VIMS%20Inspection/psc-frontend/node_modules/vitest/dist/chunks/execute.B7h3T_Hc.js:284:17)\n    at Object.get (file:///D:/Projects/VIMS%20Inspection/psc-frontend/node_modules/vitest/dist/chunks/execute.B7h3T_Hc.js:330:16)\n    at ActionItemRow (D:\\Projects\\VIMS Inspection\\psc-frontend\\src\\components\\car\\car-form.tsx:514:24)\n    at renderWithHooks (D:\\Projects\\VIMS Inspection\\psc-frontend\\node_modules\\react-dom\\cjs\\react-dom.development.js:15486:18)\n    at mountIndeterminateComponent (D:\\Projects\\VIMS Inspection\\psc-frontend\\node_modules\\react-dom\\cjs\\react-dom.development.js:20103:13)\n    at beginWork (D:\\Projects\\VIMS Inspection\\psc-frontend\\node_modules\\react-dom\\cjs\\react-dom.development.js:21626:16)\n    at beginWork$1 (D:\\Projects\\VIMS Inspection\\psc-frontend\\node_modules\\react-dom\\cjs\\react-dom.development.js:27465:14)\n    at performUnitOfWork (D:\\Projects\\VIMS Inspection\\psc-frontend\\node_modules\\react-dom\\cjs\\react-dom.development.js:26599:12)\n    at workLoopSync (D:\\Projects\\VIMS Inspection\\psc-frontend\\node_modules\\react-dom\\cjs\\react-dom.development.js:26505:5)\n    at renderRootSync (D:\\Projects\\VIMS Inspection\\psc-frontend\\node_modules\\react-dom\\cjs\\react-dom.development.js:26473:7)"],"meta":{}},{"ancestorTitles":["CARForm"],"fullName":"CARForm test_feat_car_002_evidence_upload_buttons_trigger_before_and_after_callbacks","status":"failed","title":"test_feat_car_002_evidence_upload_buttons_trigger_before_and_after_callbacks","duration":117.5622000000003,"failureMessages":["Error: [vitest] No \"useUpdateAction\" export is defined on the \"@/hooks/use-cars\" mock. Did you forget to return it from \"vi.mock\"?\nIf you need to partially mock a module, you can use \"importOriginal\" helper inside:\n\n    at VitestMocker.createError (file:///D:/Projects/VIMS%20Inspection/psc-frontend/node_modules/vitest/dist/chunks/execute.B7h3T_Hc.js:284:17)\n    at Object.get (file:///D:/Projects/VIMS%20Inspection/psc-frontend/node_modules/vitest/dist/chunks/execute.B7h3T_Hc.js:330:16)\n    at ActionItemRow (D:\\Projects\\VIMS Inspection\\psc-frontend\\src\\components\\car\\car-form.tsx:514:24)\n    at renderWithHooks (D:\\Projects\\VIMS Inspection\\psc-frontend\\node_modules\\react-dom\\cjs\\react-dom.development.js:15486:18)\n    at mountIndeterminateComponent (D:\\Projects\\VIMS Inspection\\psc-frontend\\node_modules\\react-dom\\cjs\\react-dom.development.js:20103:13)\n    at beginWork (D:\\Projects\\VIMS Inspection\\psc-frontend\\node_modules\\react-dom\\cjs\\react-dom.development.js:21626:16)\n    at beginWork$1 (D:\\Projects\\VIMS Inspection\\psc-frontend\\node_modules\\react-dom\\cjs\\react-dom.development.js:27465:14)\n    at performUnitOfWork (D:\\Projects\\VIMS Inspection\\psc-frontend\\node_modules\\react-dom\\cjs\\react-dom.development.js:26599:12)\n    at workLoopSync (D:\\Projects\\VIMS Inspection\\psc-frontend\\node_modules\\react-dom\\cjs\\react-dom.development.js:26505:5)\n    at renderRootSync (D:\\Projects\\VIMS Inspection\\psc-frontend\\node_modules\\react-dom\\cjs\\react-dom.development.js:26473:7)"],"meta":{}},{"ancestorTitles":["CARForm"],"fullName":"CARForm test_feat_car_002_dirty_cancel_opens_discard_confirmation_and_calls_cancel_on_confirm","status":"failed","title":"test_feat_car_002_dirty_cancel_opens_discard_confirmation_and_calls_cancel_on_confirm","duration":90.15699999999924,"failureMessages":["Error: [vitest] No \"useUpdateAction\" export is defined on the \"@/hooks/use-cars\" mock. Did you forget to return it from \"vi.mock\"?\nIf you need to partially mock a module, you can use \"importOriginal\" helper inside:\n\n    at VitestMocker.createError (file:///D:/Projects/VIMS%20Inspection/psc-frontend/node_modules/vitest/dist/chunks/execute.B7h3T_Hc.js:284:17)\n    at Object.get (file:///D:/Projects/VIMS%20Inspection/psc-frontend/node_modules/vitest/dist/chunks/execute.B7h3T_Hc.js:330:16)\n    at ActionItemRow (D:\\Projects\\VIMS Inspection\\psc-frontend\\src\\components\\car\\car-form.tsx:514:24)\n    at renderWithHooks (D:\\Projects\\VIMS Inspection\\psc-frontend\\node_modules\\react-dom\\cjs\\react-dom.development.js:15486:18)\n    at mountIndeterminateComponent (D:\\Projects\\VIMS Inspection\\psc-frontend\\node_modules\\react-dom\\cjs\\react-dom.development.js:20103:13)\n    at beginWork (D:\\Projects\\VIMS Inspection\\psc-frontend\\node_modules\\react-dom\\cjs\\react-dom.development.js:21626:16)\n    at beginWork$1 (D:\\Projects\\VIMS Inspection\\psc-frontend\\node_modules\\react-dom\\cjs\\react-dom.development.js:27465:14)\n    at performUnitOfWork (D:\\Projects\\VIMS Inspection\\psc-frontend\\node_modules\\react-dom\\cjs\\react-dom.development.js:26599:12)\n    at workLoopSync (D:\\Projects\\VIMS Inspection\\psc-frontend\\node_modules\\react-dom\\cjs\\react-dom.development.js:26505:5)\n    at renderRootSync (D:\\Projects\\VIMS Inspection\\psc-frontend\\node_modules\\react-dom\\cjs\\react-dom.development.js:26473:7)"],"meta":{}}],"startTime":1770825489709,"endTime":1770825491529.157,"status":"failed","message":"","name":"D:/Projects/VIMS Inspection/psc-frontend/src/components/car/car-form.test.tsx"},{"assertionResults":[{"ancestorTitles":["CARList"],"fullName":"CARList test_feat_car_009_loading_state_shows_skeleton_cards","status":"passed","title":"test_feat_car_009_loading_state_shows_skeleton_cards","duration":117.4984999999997,"failureMessages":[],"meta":{}},{"ancestorTitles":["CARList"],"fullName":"CARList test_feat_car_009_error_state_shows_retry_and_calls_refetch","status":"passed","title":"test_feat_car_009_error_state_shows_retry_and_calls_refetch","duration":576.8274999999994,"failureMessages":[],"meta":{}},{"ancestorTitles":["CARList"],"fullName":"CARList test_feat_car_009_empty_state_without_filters_shows_no_cars_message","status":"passed","title":"test_feat_car_009_empty_state_without_filters_shows_no_cars_message","duration":12.99539999999979,"failureMessages":[],"meta":{}},{"ancestorTitles":["CARList"],"fullName":"CARList test_feat_car_009_empty_state_with_filters_shows_clear_filters_action","status":"passed","title":"test_feat_car_009_empty_state_with_filters_shows_clear_filters_action","duration":46.18119999999908,"failureMessages":[],"meta":{}},{"ancestorTitles":["CARList"],"fullName":"CARList test_feat_car_009_happy_path_renders_cards_results_count_and_load_more","status":"passed","title":"test_feat_car_009_happy_path_renders_cards_results_count_and_load_more","duration":54.22730000000047,"failureMessages":[],"meta":{}},{"ancestorTitles":["CARList"],"fullName":"CARList test_feat_car_009_computes_overdue_and_missing_evidence_flags_per_row","status":"passed","title":"test_feat_car_009_computes_overdue_and_missing_evidence_flags_per_row","duration":11.279000000000451,"failureMessages":[],"meta":{}},{"ancestorTitles":["CARList"],"fullName":"CARList test_feat_car_009_pv_due_row_shows_quick_close_action_when_enabled","status":"passed","title":"test_feat_car_009_pv_due_row_shows_quick_close_action_when_enabled","duration":48.81240000000071,"failureMessages":[],"meta":{}}],"startTime":1770825528231,"endTime":1770825529099.8125,"status":"passed","message":"","name":"D:/Projects/VIMS Inspection/psc-frontend/src/components/car/car-list.test.tsx"},{"assertionResults":[{"ancestorTitles":["CorrectiveActionItem"],"fullName":"CorrectiveActionItem test_feat_car_011_overdue_open_action_highlights_due_date","status":"passed","title":"test_feat_car_011_overdue_open_action_highlights_due_date","duration":217.9393,"failureMessages":[],"meta":{}},{"ancestorTitles":["CorrectiveActionItem"],"fullName":"CorrectiveActionItem test_feat_car_012_completed_action_shows_completion_date_and_remarks","status":"passed","title":"test_feat_car_012_completed_action_shows_completion_date_and_remarks","duration":29.835300000000643,"failureMessages":[],"meta":{}},{"ancestorTitles":["CorrectiveActionItem"],"fullName":"CorrectiveActionItem test_feat_car_011_shows_index_prefix_for_action_item","status":"passed","title":"test_feat_car_011_shows_index_prefix_for_action_item","duration":14.502399999999398,"failureMessages":[],"meta":{}}],"startTime":1770825546608,"endTime":1770825546870.5024,"status":"passed","message":"","name":"D:/Projects/VIMS Inspection/psc-frontend/src/components/car/corrective-action-item.test.tsx"},{"assertionResults":[{"ancestorTitles":["CorrectiveActionList"],"fullName":"CorrectiveActionList test_feat_car_011_groups_actions_into_immediate_and_long_term_sections","status":"passed","title":"test_feat_car_011_groups_actions_into_immediate_and_long_term_sections","duration":167.73389999999927,"failureMessages":[],"meta":{}},{"ancestorTitles":["CorrectiveActionList"],"fullName":"CorrectiveActionList test_feat_car_011_applies_sequence_sorting_and_continuous_item_indexing","status":"passed","title":"test_feat_car_011_applies_sequence_sorting_and_continuous_item_indexing","duration":23.661000000000058,"failureMessages":[],"meta":{}},{"ancestorTitles":["CorrectiveActionList"],"fullName":"CorrectiveActionList test_feat_car_011_empty_actions_shows_placeholder_message","status":"passed","title":"test_feat_car_011_empty_actions_shows_placeholder_message","duration":9.784700000000157,"failureMessages":[],"meta":{}}],"startTime":1770825555549,"endTime":1770825555750.7847,"status":"passed","message":"","name":"D:/Projects/VIMS Inspection/psc-frontend/src/components/car/corrective-action-list.test.tsx"},{"assertionResults":[{"ancestorTitles":["DPACloseModal"],"fullName":"DPACloseModal test_feat_car_007_happy_path_renders_comment_field_and_schedule_toggle","status":"passed","title":"test_feat_car_007_happy_path_renders_comment_field_and_schedule_toggle","duration":1000.5506999999998,"failureMessages":[],"meta":{}},{"ancestorTitles":["DPACloseModal"],"fullName":"DPACloseModal test_feat_car_007_validation_blocks_submit_when_comment_too_short","status":"passed","title":"test_feat_car_007_validation_blocks_submit_when_comment_too_short","duration":526.5324999999993,"failureMessages":[],"meta":{}},{"ancestorTitles":["DPACloseModal"],"fullName":"DPACloseModal test_feat_car_007_happy_path_submit_with_schedule_enabled_calls_mutation_and_success_true","status":"passed","title":"test_feat_car_007_happy_path_submit_with_schedule_enabled_calls_mutation_and_success_true","duration":348.21830000000045,"failureMessages":[],"meta":{}},{"ancestorTitles":["DPACloseModal"],"fullName":"DPACloseModal test_feat_car_007_error_state_shows_failure_banner","status":"passed","title":"test_feat_car_007_error_state_shows_failure_banner","duration":165.72069999999985,"failureMessages":[],"meta":{}}],"startTime":1770825507779,"endTime":1770825509820.7207,"status":"passed","message":"","name":"D:/Projects/VIMS Inspection/psc-frontend/src/components/car/dpa-close-modal.test.tsx"},{"assertionResults":[{"ancestorTitles":["EvidenceSection"],"fullName":"EvidenceSection test_feat_car_003_empty_state_shows_missing_before_and_after_warning_and_upload_trigger","status":"passed","title":"test_feat_car_003_empty_state_shows_missing_before_and_after_warning_and_upload_trigger","duration":769.9488000000001,"failureMessages":[],"meta":{}},{"ancestorTitles":["EvidenceSection"],"fullName":"EvidenceSection test_feat_car_003_warning_message_indicates_missing_after_only_when_before_exists","status":"passed","title":"test_feat_car_003_warning_message_indicates_missing_after_only_when_before_exists","duration":86.4966000000004,"failureMessages":[],"meta":{}},{"ancestorTitles":["EvidenceSection"],"fullName":"EvidenceSection test_feat_car_003_warning_message_indicates_missing_before_only_when_after_exists","status":"passed","title":"test_feat_car_003_warning_message_indicates_missing_before_only_when_after_exists","duration":20.754399999999805,"failureMessages":[],"meta":{}},{"ancestorTitles":["EvidenceSection"],"fullName":"EvidenceSection test_feat_car_003_happy_path_groups_before_after_and_other_sections_without_missing_warning","status":"passed","title":"test_feat_car_003_happy_path_groups_before_after_and_other_sections_without_missing_warning","duration":51.00720000000001,"failureMessages":[],"meta":{}}],"startTime":1770825523849,"endTime":1770825524778.007,"status":"passed","message":"","name":"D:/Projects/VIMS Inspection/psc-frontend/src/components/car/evidence-section.test.tsx"},{"assertionResults":[{"ancestorTitles":["EvidenceUploadModal"],"fullName":"EvidenceUploadModal test_feat_car_003_submit_without_file_shows_required_file_error","status":"passed","title":"test_feat_car_003_submit_without_file_shows_required_file_error","duration":1083.812100000001,"failureMessages":[],"meta":{}},{"ancestorTitles":["EvidenceUploadModal"],"fullName":"EvidenceUploadModal test_feat_car_003_happy_path_upload_calls_api_and_closes_modal","status":"passed","title":"test_feat_car_003_happy_path_upload_calls_api_and_closes_modal","duration":304.8793999999998,"failureMessages":[],"meta":{}},{"ancestorTitles":["EvidenceUploadModal"],"fullName":"EvidenceUploadModal test_feat_car_003_upload_failure_does_not_close_modal","status":"passed","title":"test_feat_car_003_upload_failure_does_not_close_modal","duration":202.10690000000068,"failureMessages":[],"meta":{}},{"ancestorTitles":["EvidenceUploadModal"],"fullName":"EvidenceUploadModal test_feat_car_003_cancel_button_closes_modal","status":"passed","title":"test_feat_car_003_cancel_button_closes_modal","duration":81.47550000000047,"failureMessages":[],"meta":{}}],"startTime":1770825505472,"endTime":1770825507144.4756,"status":"passed","message":"","name":"D:/Projects/VIMS Inspection/psc-frontend/src/components/car/evidence-upload-modal.test.tsx"},{"assertionResults":[{"ancestorTitles":["PhysicalVerificationSection"],"fullName":"PhysicalVerificationSection test_feat_pv_001_hidden_when_car_not_closed_and_no_verification_exists","status":"passed","title":"test_feat_pv_001_hidden_when_car_not_closed_and_no_verification_exists","duration":44.095799999999144,"failureMessages":[],"meta":{}},{"ancestorTitles":["PhysicalVerificationSection"],"fullName":"PhysicalVerificationSection test_feat_pv_001_no_existing_verification_shows_schedule_action_when_allowed","status":"passed","title":"test_feat_pv_001_no_existing_verification_shows_schedule_action_when_allowed","duration":746.7294000000002,"failureMessages":[],"meta":{}},{"ancestorTitles":["PhysicalVerificationSection"],"fullName":"PhysicalVerificationSection test_feat_pv_002_open_verification_shows_details_and_close_action_when_permitted","status":"passed","title":"test_feat_pv_002_open_verification_shows_details_and_close_action_when_permitted","duration":165.3267999999989,"failureMessages":[],"meta":{}},{"ancestorTitles":["PhysicalVerificationSection"],"fullName":"PhysicalVerificationSection test_feat_pv_002_closed_verification_shows_closed_state_and_hides_close_action","status":"passed","title":"test_feat_pv_002_closed_verification_shows_closed_state_and_hides_close_action","duration":38.85689999999886,"failureMessages":[],"meta":{}}],"startTime":1770825523399,"endTime":1770825524393.857,"status":"passed","message":"","name":"D:/Projects/VIMS Inspection/psc-frontend/src/components/car/physical-verification-section.test.tsx"},{"assertionResults":[{"ancestorTitles":["PICAcceptModal"],"fullName":"PICAcceptModal test_feat_car_005_happy_path_renders_modal_and_required_comment_field","status":"passed","title":"test_feat_car_005_happy_path_renders_modal_and_required_comment_field","duration":970.9549000000006,"failureMessages":[],"meta":{}},{"ancestorTitles":["PICAcceptModal"],"fullName":"PICAcceptModal test_feat_car_005_validation_blocks_submit_when_comment_too_short","status":"passed","title":"test_feat_car_005_validation_blocks_submit_when_comment_too_short","duration":426.40240000000085,"failureM
[...]
e_modules/@vitest/runner/dist/chunk-hooks.js:1897:20\n    at new Promise (<anonymous>)\n    at runWithTimeout (file:///D:/Projects/VIMS%20Inspection/psc-frontend/node_modules/@vitest/runner/dist/chunk-hooks.js:1863:10)\n    at runTest (file:///D:/Projects/VIMS%20Inspection/psc-frontend/node_modules/@vitest/runner/dist/chunk-hooks.js:1574:12)\n    at processTicksAndRejections (node:internal/process/task_queues:103:5)\n    at runSuite (file:///D:/Projects/VIMS%20Inspection/psc-frontend/node_modules/@vitest/runner/dist/chunk-hooks.js:1729:8)\n    at runSuite (file:///D:/Projects/VIMS%20Inspection/psc-frontend/node_modules/@vitest/runner/dist/chunk-hooks.js:1729:8)"],"meta":{}},{"ancestorTitles":["createInspectionSchema — inspection_type validation"],"fullName":"createInspectionSchema — inspection_type validation test_feat_ins_001_validation_missing_inspection_type_fails","status":"passed","title":"test_feat_ins_001_validation_missing_inspection_type_fails","duration":1.6332000000002154,"failureMessages":[],"meta":{}},{"ancestorTitles":["createInspectionSchema — inspection_type validation"],"fullName":"createInspectionSchema — inspection_type validation test_feat_ins_001_validation_invalid_inspection_type_fails","status":"passed","title":"test_feat_ins_001_validation_invalid_inspection_type_fails","duration":1.2318000000004758,"failureMessages":[],"meta":{}},{"ancestorTitles":["createInspectionSchema — PSC subtype conditional validation"],"fullName":"createInspectionSchema — PSC subtype conditional validation test_feat_ins_001_validation_psc_without_subtype_fails","status":"failed","title":"test_feat_ins_001_validation_psc_without_subtype_fails","duration":10.026300000000447,"failureMessages":["AssertionError: expected [ 'def_reported' ] to include 'psc_subtype'\n    at Proxy.<anonymous> (file:///D:/Projects/VIMS%20Inspection/psc-frontend/node_modules/@vitest/expect/dist/index.js:1191:15)\n    at Proxy.<anonymous> (file:///D:/Projects/VIMS%20Inspection/psc-frontend/node_modules/@vitest/expect/dist/index.js:1029:14)\n    at Proxy.methodWrapper (file:///D:/Projects/VIMS%20Inspection/psc-frontend/node_modules/chai/index.js:1686:25)\n    at D:\\Projects\\VIMS Inspection\\psc-frontend\\src\\lib\\validations\\inspection.test.ts:127:21\n    at file:///D:/Projects/VIMS%20Inspection/psc-frontend/node_modules/@vitest/runner/dist/chunk-hooks.js:155:11\n    at file:///D:/Projects/VIMS%20Inspection/psc-frontend/node_modules/@vitest/runner/dist/chunk-hooks.js:752:26\n    at file:///D:/Projects/VIMS%20Inspection/psc-frontend/node_modules/@vitest/runner/dist/chunk-hooks.js:1897:20\n    at new Promise (<anonymous>)\n    at runWithTimeout (file:///D:/Projects/VIMS%20Inspection/psc-frontend/node_modules/@vitest/runner/dist/chunk-hooks.js:1863:10)\n    at runTest (file:///D:/Projects/VIMS%20Inspection/psc-frontend/node_modules/@vitest/runner/dist/chunk-hooks.js:1574:12)"],"meta":{}},{"ancestorTitles":["createInspectionSchema — PSC subtype conditional validation"],"fullName":"createInspectionSchema — PSC subtype conditional validation test_feat_ins_001_validation_rs_without_subtype_passes","status":"failed","title":"test_feat_ins_001_validation_rs_without_subtype_passes","duration":3.519499999999425,"failureMessages":["AssertionError: expected false to be true // Object.is equality\n    at D:\\Projects\\VIMS Inspection\\psc-frontend\\src\\lib\\validations\\inspection.test.ts:134:28\n    at file:///D:/Projects/VIMS%20Inspection/psc-frontend/node_modules/@vitest/runner/dist/chunk-hooks.js:155:11\n    at file:///D:/Projects/VIMS%20Inspection/psc-frontend/node_modules/@vitest/runner/dist/chunk-hooks.js:752:26\n    at file:///D:/Projects/VIMS%20Inspection/psc-frontend/node_modules/@vitest/runner/dist/chunk-hooks.js:1897:20\n    at new Promise (<anonymous>)\n    at runWithTimeout (file:///D:/Projects/VIMS%20Inspection/psc-frontend/node_modules/@vitest/runner/dist/chunk-hooks.js:1863:10)\n    at runTest (file:///D:/Projects/VIMS%20Inspection/psc-frontend/node_modules/@vitest/runner/dist/chunk-hooks.js:1574:12)\n    at processTicksAndRejections (node:internal/process/task_queues:103:5)\n    at runSuite (file:///D:/Projects/VIMS%20Inspection/psc-frontend/node_modules/@vitest/runner/dist/chunk-hooks.js:1729:8)\n    at runSuite (file:///D:/Projects/VIMS%20Inspection/psc-frontend/node_modules/@vitest/runner/dist/chunk-hooks.js:1729:8)"],"meta":{}},{"ancestorTitles":["createInspectionSchema — PSC subtype conditional validation"],"fullName":"createInspectionSchema — PSC subtype conditional validation test_feat_ins_001_validation_psc_with_invalid_subtype_fails","status":"passed","title":"test_feat_ins_001_validation_psc_with_invalid_subtype_fails","duration":1.1525000000001455,"failureMessages":[],"meta":{}},{"ancestorTitles":["createInspectionSchema — MOU conditional validation"],"fullName":"createInspectionSchema — MOU conditional validation test_feat_ins_001_validation_psc_without_mou_fails","status":"failed","title":"test_feat_ins_001_validation_psc_without_mou_fails","duration":2.6325999999999112,"failureMessages":["AssertionError: expected [ 'def_reported' ] to include 'mou_code'\n    at Proxy.<anonymous> (file:///D:/Projects/VIMS%20Inspection/psc-frontend/node_modules/@vitest/expect/dist/index.js:1191:15)\n    at Proxy.<anonymous> (file:///D:/Projects/VIMS%20Inspection/psc-frontend/node_modules/@vitest/expect/dist/index.js:1029:14)\n    at Proxy.methodWrapper (file:///D:/Projects/VIMS%20Inspection/psc-frontend/node_modules/chai/index.js:1686:25)\n    at D:\\Projects\\VIMS Inspection\\psc-frontend\\src\\lib\\validations\\inspection.test.ts:155:21\n    at file:///D:/Projects/VIMS%20Inspection/psc-frontend/node_modules/@vitest/runner/dist/chunk-hooks.js:155:11\n    at file:///D:/Projects/VIMS%20Inspection/psc-frontend/node_modules/@vitest/runner/dist/chunk-hooks.js:752:26\n    at file:///D:/Projects/VIMS%20Inspection/psc-frontend/node_modules/@vitest/runner/dist/chunk-hooks.js:1897:20\n    at new Promise (<anonymous>)\n    at runWithTimeout (file:///D:/Projects/VIMS%20Inspection/psc-frontend/node_modules/@vitest/runner/dist/chunk-hooks.js:1863:10)\n    at runTest (file:///D:/Projects/VIMS%20Inspection/psc-frontend/node_modules/@vitest/runner/dist/chunk-hooks.js:1574:12)"],"meta":{}},{"ancestorTitles":["createInspectionSchema — MOU conditional validation"],"fullName":"createInspectionSchema — MOU conditional validation test_feat_ins_001_validation_rs_without_mou_passes","status":"failed","title":"test_feat_ins_001_validation_rs_without_mou_passes","duration":3.390400000000227,"failureMessages":["AssertionError: expected false to be true // Object.is equality\n    at D:\\Projects\\VIMS Inspection\\psc-frontend\\src\\lib\\validations\\inspection.test.ts:162:28\n    at file:///D:/Projects/VIMS%20Inspection/psc-frontend/node_modules/@vitest/runner/dist/chunk-hooks.js:155:11\n    at file:///D:/Projects/VIMS%20Inspection/psc-frontend/node_modules/@vitest/runner/dist/chunk-hooks.js:752:26\n    at file:///D:/Projects/VIMS%20Inspection/psc-frontend/node_modules/@vitest/runner/dist/chunk-hooks.js:1897:20\n    at new Promise (<anonymous>)\n    at runWithTimeout (file:///D:/Projects/VIMS%20Inspection/psc-frontend/node_modules/@vitest/runner/dist/chunk-hooks.js:1863:10)\n    at runTest (file:///D:/Projects/VIMS%20Inspection/psc-frontend/node_modules/@vitest/runner/dist/chunk-hooks.js:1574:12)\n    at processTicksAndRejections (node:internal/process/task_queues:103:5)\n    at runSuite (file:///D:/Projects/VIMS%20Inspection/psc-frontend/node_modules/@vitest/runner/dist/chunk-hooks.js:1729:8)\n    at runSuite (file:///D:/Projects/VIMS%20Inspection/psc-frontend/node_modules/@vitest/runner/dist/chunk-hooks.js:1729:8)"],"meta":{}},{"ancestorTitles":["createInspectionSchema — inspection_date validation"],"fullName":"createInspectionSchema — inspection_date validation test_feat_ins_001_validation_future_date_fails","status":"passed","title":"test_feat_ins_001_validation_future_date_fails","duration":1.3451999999997497,"failureMessages":[],"meta":{}},{"ancestorTitles":["createInspectionSchema — inspection_date validation"],"fullName":"createInspectionSchema — inspection_date validation test_feat_ins_001_validation_missing_date_fails","status":"passed","title":"test_feat_ins_001_validation_missing_date_fails","duration":0.7493999999996959,"failureMessages":[],"meta":{}},{"ancestorTitles":["createInspectionSchema — inspection_date validation"],"fullName":"createInspectionSchema — inspection_date validation test_feat_ins_001_validation_empty_date_fails","status":"passed","title":"test_feat_ins_001_validation_empty_date_fails","duration":0.6527999999998428,"failureMessages":[],"meta":{}},{"ancestorTitles":["createInspectionSchema — port validation"],"fullName":"createInspectionSchema — port validation test_feat_ins_001_validation_missing_port_fails","status":"passed","title":"test_feat_ins_001_validation_missing_port_fails","duration":0.6995999999999185,"failureMessages":[],"meta":{}},{"ancestorTitles":["createInspectionSchema — port validation"],"fullName":"createInspectionSchema — port validation test_feat_ins_001_validation_port_too_short_fails","status":"passed","title":"test_feat_ins_001_validation_port_too_short_fails","duration":0.8045000000001892,"failureMessages":[],"meta":{}},{"ancestorTitles":["createInspectionSchema — port validation"],"fullName":"createInspectionSchema — port validation test_feat_ins_001_validation_port_at_min_length_passes","status":"failed","title":"test_feat_ins_001_validation_port_at_min_length_passes","duration":2.2916999999997643,"failureMessages":["AssertionError: expected false to be true // Object.is equality\n    at D:\\Projects\\VIMS Inspection\\psc-frontend\\src\\lib\\validations\\inspection.test.ts:210:28\n    at file:///D:/Projects/VIMS%20Inspection/psc-frontend/node_modules/@vitest/runner/dist/chunk-hooks.js:155:11\n    at file:///D:/Projects/VIMS%20Inspection/psc-frontend/node_modules/@vitest/runner/dist/chunk-hooks.js:752:26\n    at file:///D:/Projects/VIMS%20Inspection/psc-frontend/node_modules/@vitest/runner/dist/chunk-hooks.js:1897:20\n    at new Promise (<anonymous>)\n    at runWithTimeout (file:///D:/Projects/VIMS%20Inspection/psc-frontend/node_modules/@vitest/runner/dist/chunk-hooks.js:1863:10)\n    at runTest (file:///D:/Projects/VIMS%20Inspection/psc-frontend/node_modules/@vitest/runner/dist/chunk-hooks.js:1574:12)\n    at processTicksAndRejections (node:internal/process/task_queues:103:5)\n    at runSuite (file:///D:/Projects/VIMS%20Inspection/psc-frontend/node_modules/@vitest/runner/dist/chunk-hooks.js:1729:8)\n    at runSuite (file:///D:/Projects/VIMS%20Inspection/psc-frontend/node_modules/@vitest/runner/dist/chunk-hooks.js:1729:8)"],"meta":{}},{"ancestorTitles":["createInspectionSchema — port validation"],"fullName":"createInspectionSchema — port validation test_feat_ins_001_validation_port_at_max_length_passes","status":"failed","title":"test_feat_ins_001_validation_port_at_max_length_passes","duration":2.0295999999998457,"failureMessages":["AssertionError: expected false to be true // Object.is equality\n    at D:\\Projects\\VIMS Inspection\\psc-frontend\\src\\lib\\validations\\inspection.test.ts:216:28\n    at file:///D:/Projects/VIMS%20Inspection/psc-frontend/node_modules/@vitest/runner/dist/chunk-hooks.js:155:11\n    at file:///D:/Projects/VIMS%20Inspection/psc-frontend/node_modules/@vitest/runner/dist/chunk-hooks.js:752:26\n    at file:///D:/Projects/VIMS%20Inspection/psc-frontend/node_modules/@vitest/runner/dist/chunk-hooks.js:1897:20\n    at new Promise (<anonymous>)\n    at runWithTimeout (file:///D:/Projects/VIMS%20Inspection/psc-frontend/node_modules/@vitest/runner/dist/chunk-hooks.js:1863:10)\n    at runTest (file:///D:/Projects/VIMS%20Inspection/psc-frontend/node_modules/@vitest/runner/dist/chunk-hooks.js:1574:12)\n    at processTicksAndRejections (node:internal/process/task_queues:103:5)\n    at runSuite (file:///D:/Projects/VIMS%20Inspection/psc-frontend/node_modules/@vitest/runner/dist/chunk-hooks.js:1729:8)\n    at runSuite (file:///D:/Projects/VIMS%20Inspection/psc-frontend/node_modules/@vitest/runner/dist/chunk-hooks.js:1729:8)"],"meta":{}},{"ancestorTitles":["createInspectionSchema — port validation"],"fullName":"createInspectionSchema — port validation test_feat_ins_001_validation_port_over_max_length_fails","status":"passed","title":"test_feat_ins_001_validation_port_over_max_length_fails","duration":0.9252000000005864,"failureMessages":[],"meta":{}},{"ancestorTitles":["createInspectionSchema — optional fields boundary"],"fullName":"createInspectionSchema — optional fields boundary test_feat_ins_001_validation_country_over_max_length_fails","status":"passed","title":"test_feat_ins_001_validation_country_over_max_length_fails","duration":1.0473000000001775,"failureMessages":[],"meta":{}},{"ancestorTitles":["createInspectionSchema — optional fields boundary"],"fullName":"createInspectionSchema — optional fields boundary test_feat_ins_001_validation_authority_over_max_length_fails","status":"passed","title":"test_feat_ins_001_validation_authority_over_max_length_fails","duration":1.0246999999999389,"failureMessages":[],"meta":{}},{"ancestorTitles":["createInspectionSchema — optional fields boundary"],"fullName":"createInspectionSchema — optional fields boundary test_feat_ins_001_validation_inspector_name_over_max_length_fails","status":"passed","title":"test_feat_ins_001_validation_inspector_name_over_max_length_fails","duration":0.5234999999993306,"failureMessages":[],"meta":{}},{"ancestorTitles":["createInspectionSchema — optional fields boundary"],"fullName":"createInspectionSchema — optional fields boundary test_feat_ins_001_validation_report_reference_over_max_length_fails","status":"passed","title":"test_feat_ins_001_validation_report_reference_over_max_length_fails","duration":0.5245999999997366,"failureMessages":[],"meta":{}},{"ancestorTitles":["validateInspectionReportFile"],"fullName":"validateInspectionReportFile test_feat_ins_002_happy_path_valid_pdf_passes","status":"passed","title":"test_feat_ins_002_happy_path_valid_pdf_passes","duration":3.959500000000844,"failureMessages":[],"meta":{}},{"ancestorTitles":["validateInspectionReportFile"],"fullName":"validateInspectionReportFile test_feat_ins_002_happy_path_valid_jpeg_passes","status":"passed","title":"test_feat_ins_002_happy_path_valid_jpeg_passes","duration":2.4957000000003973,"failureMessages":[],"meta":{}},{"ancestorTitles":["validateInspectionReportFile"],"fullName":"validateInspectionReportFile test_feat_ins_002_validation_invalid_file_type_fails","status":"passed","title":"test_feat_ins_002_validation_invalid_file_type_fails","duration":1.0931999999993423,"failureMessages":[],"meta":{}},{"ancestorTitles":["validateInspectionReportFile"],"fullName":"validateInspectionReportFile test_feat_ins_002_validation_file_over_3mb_fails","status":"passed","title":"test_feat_ins_002_validation_file_over_3mb_fails","duration":7.178400000000693,"failureMessages":[],"meta":{}},{"ancestorTitles":["validateInspectionReportFile"],"fullName":"validateInspectionReportFile test_feat_ins_002_validation_file_exactly_3mb_passes","status":"passed","title":"test_feat_ins_002_validation_file_exactly_3mb_passes","duration":8.481699999999364,"failureMessages":[],"meta":{}},{"ancestorTitles":["canSubmitInspection"],"fullName":"canSubmitInspection test_feat_ins_004_happy_path_valid_submission_passes","status":"passed","title":"test_feat_ins_004_happy_path_valid_submission_passes","duration":2.203500000000531,"failureMessages":[],"meta":{}},{"ancestorTitles":["canSubmitInspection"],"fullName":"canSubmitInspection test_feat_ins_004_validation_no_report_blocks_submit","status":"passed","title":"test_feat_ins_004_validation_no_report_blocks_submit","duration":0.8768999999992957,"failureMessages":[],"meta":{}},{"ancestorTitles":["canSubmitInspection"],"fullName":"canSubmitInspection test_feat_ins_004_validation_invalid_deficiencies_blocks_submit","status":"passed","title":"test_feat_ins_004_validation_invalid_deficiencies_blocks_submit","duration":0.742500000000291,"failureMessages":[],"meta":{}},{"ancestorTitles":["canSubmitInspection"],"fullName":"canSubmitInspection test_feat_ins_004_validation_both_missing_returns_two_errors","status":"passed","title":"test_feat_ins_004_validation_both_missing_returns_two_errors","duration":0.6702000000004773,"failureMessages":[],"meta":{}}],"startTime":1770825496410,"endTime":1770825496524.7424,"status":"failed","message":"","name":"D:/Projects/VIMS Inspection/psc-frontend/src/lib/validations/inspection.test.ts"},{"assertionResults":[{"ancestorTitles":["FEAT-SYNC-006 attachment uploader"],"fullName":"FEAT-SYNC-006 attachment uploader test_feat_sync_006_happy_path_upload_succeeds_on_first_attempt","status":"passed","title":"test_feat_sync_006_happy_path_upload_succeeds_on_first_attempt","duration":14.106700000000274,"failureMessages":[],"meta":{}},{"ancestorTitles":["FEAT-SYNC-006 attachment uploader"],"fullName":"FEAT-SYNC-006 attachment uploader test_feat_sync_006_happy_path_retries_with_exponential_backoff_then_succeeds","status":"passed","title":"test_feat_sync_006_happy_path_retries_with_exponential_backoff_then_succeeds","duration":14.096200000000863,"failureMessages":[],"meta":{}},{"ancestorTitles":["FEAT-SYNC-006 attachment uploader"],"fullName":"FEAT-SYNC-006 attachment uploader test_feat_sync_006_validation_after_three_failures_item_stays_queued_for_next_sync","status":"passed","title":"test_feat_sync_006_validation_after_three_failures_item_stays_queued_for_next_sync","duration":5.371799999999894,"failureMessages":[],"meta":{}},{"ancestorTitles":["FEAT-SYNC-006 attachment uploader"],"fullName":"FEAT-SYNC-006 attachment uploader test_feat_sync_006_validation_expired_upload_url_is_rejected_without_attempts","status":"passed","title":"test_feat_sync_006_validation_expired_upload_url_is_rejected_without_attempts","duration":2.556999999999789,"failureMessages":[],"meta":{}},{"ancestorTitles":["FEAT-SYNC-006 attachment uploader"],"fullName":"FEAT-SYNC-006 attachment uploader test_feat_sync_006_validation_missing_pending_file_returns_failed_without_fetch","status":"passed","title":"test_feat_sync_006_validation_missing_pending_file_returns_failed_without_fetch","duration":1.3515999999999622,"failureMessages":[],"meta":{}}],"startTime":1770825563330,"endTime":1770825563368.3516,"status":"passed","message":"","name":"D:/Projects/VIMS Inspection/psc-frontend/src/lib/sync/attachment-uploader.test.ts"},{"assertionResults":[{"ancestorTitles":["sync-service"],"fullName":"sync-service test_feat_sync_001_validation_blocks_pull_when_offline_storage_is_nearly_full","status":"passed","title":"test_feat_sync_001_validation_blocks_pull_when_offline_storage_is_nearly_full","duration":9.726599999999962,"failureMessages":[],"meta":{}},{"ancestorTitles":["sync-service"],"fullName":"sync-service test_feat_sync_001_happy_path_pull_merges_active_records_and_removes_deleted_records","status":"passed","title":"test_feat_sync_001_happy_path_pull_merges_active_records_and_removes_deleted_records","duration":10.526299999999537,"failureMessages":[],"meta":{}},{"ancestorTitles":["sync-service"],"fullName":"sync-service test_feat_sync_001_gap_pull_should_persist_master_data_bucket_to_indexeddb","status":"passed","title":"test_feat_sync_001_gap_pull_should_persist_master_data_bucket_to_indexeddb","duration":2.0366000000003623,"failureMessages":[],"meta":{}},{"ancestorTitles":["sync-service"],"fullName":"sync-service test_feat_sync_006_gap_failed_attachment_uploads_should_mark_queue_items_failed_for_retry","status":"passed","title":"test_feat_sync_006_gap_failed_attachment_uploads_should_mark_queue_items_failed_for_retry","duration":17.956199999999626,"failureMessages":[],"meta":{}}],"startTime":1770825563204,"endTime":1770825563243.9563,"status":"passed","message":"","name":"D:/Projects/VIMS Inspection/psc-frontend/src/lib/sync/sync-service.test.ts"}]}